<?xml version="1.0" encoding="UTF-8"?>
<!-- Generated by org.testng.reporters.JUnitXMLReporter -->
<testsuite hostname="MUM-LAP-700328" ignored="1" name="TestLoginFunctionality" tests="2" failures="0" timestamp="2020-04-20T15:36:07 IST" time="88.443" errors="0">
  <testcase name="TestExcelReadingByTestCase1" time="0.022" classname="tests.TestLoginPage"/>
  <testcase name="TestLoginFunctionality" time="82.299" classname="tests.TestLoginPage"/>
  <testcase name="TestExcelReadingByTestCase2" time="0.0" classname="tests.TestLoginPage">
    <ignored/>
  </testcase> <!-- TestExcelReadingByTestCase2 -->
</testsuite> <!-- TestLoginFunctionality -->
