<?xml version="1.0" encoding="UTF-8"?>
<!-- Generated by org.testng.reporters.JUnitXMLReporter -->
<testsuite ignored="1" hostname="EDM-VM-CL01" failures="0" tests="10" name="AdminPriorityManager" time="0.052" errors="0" timestamp="2023-10-30T05:54:45 IST">
  <testcase classname="tests.TestAdminPriorityManager" name="@BeforeClass setupClass" time="-1.698625485784E9">
    <skipped/>
  </testcase> <!-- @BeforeClass setupClass -->
  <testcase classname="main.EDRM.hybridFramework.TestBase.TestBase" name="@BeforeMethod beforeMethod" time="-1.69862548579E9">
    <skipped/>
  </testcase> <!-- @BeforeMethod beforeMethod -->
  <testcase classname="main.EDRM.hybridFramework.TestBase.TestBase" name="@AfterMethod afterMethod" time="-1.698625485797E9">
    <skipped/>
  </testcase> <!-- @AfterMethod afterMethod -->
  <testcase classname="main.EDRM.hybridFramework.TestBase.TestBase" name="@BeforeMethod beforeMethod" time="-1.6986254858E9">
    <skipped/>
  </testcase> <!-- @BeforeMethod beforeMethod -->
  <testcase classname="main.EDRM.hybridFramework.TestBase.TestBase" name="@AfterMethod afterMethod" time="-1.698625485809E9">
    <skipped/>
  </testcase> <!-- @AfterMethod afterMethod -->
  <testcase classname="main.EDRM.hybridFramework.TestBase.TestBase" name="@BeforeMethod beforeMethod" time="-1.698625485811E9">
    <skipped/>
  </testcase> <!-- @BeforeMethod beforeMethod -->
  <testcase classname="main.EDRM.hybridFramework.TestBase.TestBase" name="@AfterMethod afterMethod" time="-1.698625485813E9">
    <skipped/>
  </testcase> <!-- @AfterMethod afterMethod -->
  <testcase classname="main.EDRM.hybridFramework.TestBase.TestBase" name="@BeforeMethod beforeMethod" time="-1.698625485815E9">
    <skipped/>
  </testcase> <!-- @BeforeMethod beforeMethod -->
  <testcase classname="main.EDRM.hybridFramework.TestBase.TestBase" name="@AfterMethod afterMethod" time="-1.698625485818E9">
    <skipped/>
  </testcase> <!-- @AfterMethod afterMethod -->
  <testcase classname="main.EDRM.hybridFramework.TestBase.TestBase" name="@BeforeMethod beforeMethod" time="-1.69862548582E9">
    <skipped/>
  </testcase> <!-- @BeforeMethod beforeMethod -->
  <testcase classname="main.EDRM.hybridFramework.TestBase.TestBase" name="@AfterMethod afterMethod" time="-1.698625485821E9">
    <skipped/>
  </testcase> <!-- @AfterMethod afterMethod -->
  <testcase classname="main.EDRM.hybridFramework.TestBase.TestBase" name="@BeforeMethod beforeMethod" time="-1.698625485822E9">
    <skipped/>
  </testcase> <!-- @BeforeMethod beforeMethod -->
  <testcase classname="main.EDRM.hybridFramework.TestBase.TestBase" name="@AfterMethod afterMethod" time="-1.698625485823E9">
    <skipped/>
  </testcase> <!-- @AfterMethod afterMethod -->
  <testcase classname="main.EDRM.hybridFramework.TestBase.TestBase" name="@BeforeMethod beforeMethod" time="-1.698625485824E9">
    <skipped/>
  </testcase> <!-- @BeforeMethod beforeMethod -->
  <testcase classname="main.EDRM.hybridFramework.TestBase.TestBase" name="@AfterMethod afterMethod" time="-1.698625485825E9">
    <skipped/>
  </testcase> <!-- @AfterMethod afterMethod -->
  <testcase classname="main.EDRM.hybridFramework.TestBase.TestBase" name="@BeforeMethod beforeMethod" time="-1.698625485825E9">
    <skipped/>
  </testcase> <!-- @BeforeMethod beforeMethod -->
  <testcase classname="main.EDRM.hybridFramework.TestBase.TestBase" name="@AfterMethod afterMethod" time="-1.698625485826E9">
    <skipped/>
  </testcase> <!-- @AfterMethod afterMethod -->
  <testcase classname="main.EDRM.hybridFramework.TestBase.TestBase" name="@BeforeMethod beforeMethod" time="-1.698625485828E9">
    <skipped/>
  </testcase> <!-- @BeforeMethod beforeMethod -->
  <testcase classname="main.EDRM.hybridFramework.TestBase.TestBase" name="@AfterMethod afterMethod" time="-1.698625485829E9">
    <skipped/>
  </testcase> <!-- @AfterMethod afterMethod -->
  <testcase classname="main.EDRM.hybridFramework.TestBase.TestBase" name="@BeforeMethod beforeMethod" time="-1.698625485831E9">
    <skipped/>
  </testcase> <!-- @BeforeMethod beforeMethod -->
  <testcase classname="main.EDRM.hybridFramework.TestBase.TestBase" name="@AfterMethod afterMethod" time="-1.698625485834E9">
    <skipped/>
  </testcase> <!-- @AfterMethod afterMethod -->
  <testcase classname="tests.TestAdminPriorityManager" name="TestAddCampaign" time="0.0">
    <skipped/>
  </testcase> <!-- TestAddCampaign -->
  <testcase classname="tests.TestAdminPriorityManager" name="TestAddCampaignToUser" time="0.0">
    <skipped/>
  </testcase> <!-- TestAddCampaignToUser -->
  <testcase classname="tests.TestAdminPriorityManager" name="TestCampaignDropdownAvailability" time="0.0">
    <skipped/>
  </testcase> <!-- TestCampaignDropdownAvailability -->
  <testcase classname="tests.TestAdminPriorityManager" name="TestCampaignDropdownNotShownOnIntraySearch" time="0.0">
    <skipped/>
  </testcase> <!-- TestCampaignDropdownNotShownOnIntraySearch -->
  <testcase classname="tests.TestAdminPriorityManager" name="TestCampaignDescendingOrderFunctionality" time="0.0">
    <skipped/>
  </testcase> <!-- TestCampaignDescendingOrderFunctionality -->
  <testcase classname="tests.TestAdminPriorityManager" name="TestCampaignAscendingOrderFunctionality" time="0.0">
    <skipped/>
  </testcase> <!-- TestCampaignAscendingOrderFunctionality -->
  <testcase classname="tests.TestAdminPriorityManager" name="TestEditButtonWeightedValuesCampaign" time="0.0">
    <skipped/>
  </testcase> <!-- TestEditButtonWeightedValuesCampaign -->
  <testcase classname="tests.TestAdminPriorityManager" name="TestWeightedValuesOnPriorityCampaign" time="0.0">
    <skipped/>
  </testcase> <!-- TestWeightedValuesOnPriorityCampaign -->
  <testcase classname="tests.TestAdminPriorityManager" name="TestRemoveCampaignToUser" time="0.0">
    <skipped/>
  </testcase> <!-- TestRemoveCampaignToUser -->
  <testcase classname="tests.TestAdminPriorityManager" name="TestDeleteCampaign" time="0.0">
    <skipped/>
  </testcase> <!-- TestDeleteCampaign -->
  <testcase classname="tests.TestAdminPriorityManager" name="TestEditCampaign" time="0.0">
    <ignored/>
  </testcase> <!-- TestEditCampaign -->
</testsuite> <!-- AdminPriorityManager -->
