<?xml version="1.0" encoding="UTF-8"?>
<!-- Generated by org.testng.reporters.JUnitXMLReporter -->
<testsuite ignored="1" hostname="MUM-LAP-1086" failures="0" tests="10" name="AdminWorkflow" time="323.837" errors="0" timestamp="2022-04-22T08:26:04 IST">
  <testcase classname="tests.TestAdminWorkflow" name="TestAddCampaign" time="56.334"/>
  <testcase classname="tests.TestAdminWorkflow" name="TestAddCampaignToUser" time="53.284"/>
  <testcase classname="tests.TestAdminWorkflow" name="TestCampaignDropdownAvailability" time="7.509"/>
  <testcase classname="tests.TestAdminWorkflow" name="TestCampaignDropdownNotShownOnIntraySearch" time="44.107"/>
  <testcase classname="tests.TestAdminWorkflow" name="TestCampaignDescendingOrderFunctionality" time="7.429"/>
  <testcase classname="tests.TestAdminWorkflow" name="TestCampaignAscendingOrderFunctionality" time="25.17"/>
  <testcase classname="tests.TestAdminWorkflow" name="TestEditButtonWeightedValuesCampaign" time="39.358"/>
  <testcase classname="tests.TestAdminWorkflow" name="TestWeightedValuesOnPriorityCampaign" time="26.269"/>
  <testcase classname="tests.TestAdminWorkflow" name="TestRemoveCampaignToUser" time="47.577"/>
  <testcase classname="tests.TestAdminWorkflow" name="TestDeleteCampaign" time="15.976"/>
  <testcase classname="tests.TestAdminWorkflow" name="TestEditCampaign" time="0.0">
    <ignored/>
  </testcase> <!-- TestEditCampaign -->
</testsuite> <!-- AdminWorkflow -->
