<?xml version="1.0" encoding="UTF-8"?>
<!-- Generated by org.testng.reporters.JUnitXMLReporter -->
<testsuite ignored="3" hostname="EDM-VM-CL01" failures="0" tests="10" name="AdminDocument" time="0.403" errors="0" timestamp="2023-10-30T05:54:42 IST">
  <testcase classname="tests.TestAdminDocumentSection" name="@BeforeClass setupClass" time="-1.698625481985E9">
    <skipped/>
  </testcase> <!-- @BeforeClass setupClass -->
  <testcase classname="main.EDRM.hybridFramework.TestBase.TestBase" name="@BeforeMethod beforeMethod" time="-1.69862548206E9">
    <skipped/>
  </testcase> <!-- @BeforeMethod beforeMethod -->
  <testcase classname="main.EDRM.hybridFramework.TestBase.TestBase" name="@AfterMethod afterMethod" time="-1.698625482157E9">
    <skipped/>
  </testcase> <!-- @AfterMethod afterMethod -->
  <testcase classname="main.EDRM.hybridFramework.TestBase.TestBase" name="@BeforeMethod beforeMethod" time="-1.698625482228E9">
    <skipped/>
  </testcase> <!-- @BeforeMethod beforeMethod -->
  <testcase classname="main.EDRM.hybridFramework.TestBase.TestBase" name="@AfterMethod afterMethod" time="-1.698625482247E9">
    <skipped/>
  </testcase> <!-- @AfterMethod afterMethod -->
  <testcase classname="main.EDRM.hybridFramework.TestBase.TestBase" name="@BeforeMethod beforeMethod" time="-1.69862548225E9">
    <skipped/>
  </testcase> <!-- @BeforeMethod beforeMethod -->
  <testcase classname="main.EDRM.hybridFramework.TestBase.TestBase" name="@AfterMethod afterMethod" time="-1.698625482257E9">
    <skipped/>
  </testcase> <!-- @AfterMethod afterMethod -->
  <testcase classname="main.EDRM.hybridFramework.TestBase.TestBase" name="@BeforeMethod beforeMethod" time="-1.698625482259E9">
    <skipped/>
  </testcase> <!-- @BeforeMethod beforeMethod -->
  <testcase classname="main.EDRM.hybridFramework.TestBase.TestBase" name="@AfterMethod afterMethod" time="-1.698625482288E9">
    <skipped/>
  </testcase> <!-- @AfterMethod afterMethod -->
  <testcase classname="main.EDRM.hybridFramework.TestBase.TestBase" name="@BeforeMethod beforeMethod" time="-1.698625482311E9">
    <skipped/>
  </testcase> <!-- @BeforeMethod beforeMethod -->
  <testcase classname="main.EDRM.hybridFramework.TestBase.TestBase" name="@AfterMethod afterMethod" time="-1.698625482323E9">
    <skipped/>
  </testcase> <!-- @AfterMethod afterMethod -->
  <testcase classname="main.EDRM.hybridFramework.TestBase.TestBase" name="@BeforeMethod beforeMethod" time="-1.698625482346E9">
    <skipped/>
  </testcase> <!-- @BeforeMethod beforeMethod -->
  <testcase classname="main.EDRM.hybridFramework.TestBase.TestBase" name="@AfterMethod afterMethod" time="-1.698625482369E9">
    <skipped/>
  </testcase> <!-- @AfterMethod afterMethod -->
  <testcase classname="tests.TestAdminDocumentSection" name="TestAddDocumentType" time="0.0">
    <skipped/>
  </testcase> <!-- TestAddDocumentType -->
  <testcase classname="tests.TestAdminDocumentSection" name="TestUpdateDocumentType" time="0.0">
    <skipped/>
  </testcase> <!-- TestUpdateDocumentType -->
  <testcase classname="tests.TestAdminDocumentSection" name="TestMakeDocumentTypeInactive" time="0.0">
    <skipped/>
  </testcase> <!-- TestMakeDocumentTypeInactive -->
  <testcase classname="tests.TestAdminDocumentSection" name="TestMoveDocumentTypeFromInactiveToActive" time="0.0">
    <skipped/>
  </testcase> <!-- TestMoveDocumentTypeFromInactiveToActive -->
  <testcase classname="tests.TestAdminDocumentSection" name="TestActiveInactiveDocTypeInDropdown" time="0.0">
    <skipped/>
  </testcase> <!-- TestActiveInactiveDocTypeInDropdown -->
  <testcase classname="tests.TestAdminDocumentSection" name="checkEditableStatusOfDocument" time="0.0">
    <skipped/>
  </testcase> <!-- checkEditableStatusOfDocument -->
  <testcase classname="tests.TestAdminDocumentSection" name="TestAddMemoDocumentType" time="0.0">
    <skipped/>
  </testcase> <!-- TestAddMemoDocumentType -->
  <testcase classname="tests.TestAdminDocumentSection" name="TestAddParagraphNotesFromAdministration" time="0.0">
    <skipped/>
  </testcase> <!-- TestAddParagraphNotesFromAdministration -->
  <testcase classname="tests.TestAdminDocumentSection" name="CaptureDocumentAndAddNotesFromLandingPage" time="0.0">
    <skipped/>
  </testcase> <!-- CaptureDocumentAndAddNotesFromLandingPage -->
  <testcase classname="tests.TestAdminDocumentSection" name="DeleteNoteStandardTexts" time="0.0">
    <skipped/>
  </testcase> <!-- DeleteNoteStandardTexts -->
  <testcase classname="tests.TestAdminDocumentSection" name="TestEditNotesParagrapthCheckLandingPageReflection" time="0.0">
    <ignored/>
  </testcase> <!-- TestEditNotesParagrapthCheckLandingPageReflection -->
  <testcase classname="tests.TestAdminDocumentSection" name="TestEditNotesTitleCheckLandingPageReflection" time="0.0">
    <ignored/>
  </testcase> <!-- TestEditNotesTitleCheckLandingPageReflection -->
  <testcase classname="tests.TestAdminDocumentSection" name="TestCancelFunctionalityInDocumentType" time="0.0">
    <ignored/>
  </testcase> <!-- TestCancelFunctionalityInDocumentType -->
</testsuite> <!-- AdminDocument -->
