<?xml version="1.0" encoding="UTF-8"?>
<!-- Generated by org.testng.reporters.JUnitXMLReporter -->
<testsuite ignored="6" hostname="EDM-VM-CL01" failures="0" tests="24" name="CapturePage" time="0.466" errors="0" timestamp="2023-10-30T05:54:44 IST">
  <testcase classname="tests.TestCapturePage" name="@BeforeClass setupClass" time="-1.698625483735E9">
    <skipped/>
  </testcase> <!-- @BeforeClass setupClass -->
  <testcase classname="main.EDRM.hybridFramework.TestBase.TestBase" name="@BeforeMethod beforeMethod" time="-1.698625483739E9">
    <skipped/>
  </testcase> <!-- @BeforeMethod beforeMethod -->
  <testcase classname="main.EDRM.hybridFramework.TestBase.TestBase" name="@AfterMethod afterMethod" time="-1.698625483747E9">
    <skipped/>
  </testcase> <!-- @AfterMethod afterMethod -->
  <testcase classname="main.EDRM.hybridFramework.TestBase.TestBase" name="@BeforeMethod beforeMethod" time="-1.698625483803E9">
    <skipped/>
  </testcase> <!-- @BeforeMethod beforeMethod -->
  <testcase classname="main.EDRM.hybridFramework.TestBase.TestBase" name="@AfterMethod afterMethod" time="-1.698625483806E9">
    <skipped/>
  </testcase> <!-- @AfterMethod afterMethod -->
  <testcase classname="main.EDRM.hybridFramework.TestBase.TestBase" name="@BeforeMethod beforeMethod" time="-1.698625483817E9">
    <skipped/>
  </testcase> <!-- @BeforeMethod beforeMethod -->
  <testcase classname="main.EDRM.hybridFramework.TestBase.TestBase" name="@AfterMethod afterMethod" time="-1.698625483823E9">
    <skipped/>
  </testcase> <!-- @AfterMethod afterMethod -->
  <testcase classname="main.EDRM.hybridFramework.TestBase.TestBase" name="@BeforeMethod beforeMethod" time="-1.698625483827E9">
    <skipped/>
  </testcase> <!-- @BeforeMethod beforeMethod -->
  <testcase classname="main.EDRM.hybridFramework.TestBase.TestBase" name="@AfterMethod afterMethod" time="-1.698625483855E9">
    <skipped/>
  </testcase> <!-- @AfterMethod afterMethod -->
  <testcase classname="main.EDRM.hybridFramework.TestBase.TestBase" name="@BeforeMethod beforeMethod" time="-1.698625484007E9">
    <skipped/>
  </testcase> <!-- @BeforeMethod beforeMethod -->
  <testcase classname="main.EDRM.hybridFramework.TestBase.TestBase" name="@AfterMethod afterMethod" time="-1.698625484037E9">
    <skipped/>
  </testcase> <!-- @AfterMethod afterMethod -->
  <testcase classname="main.EDRM.hybridFramework.TestBase.TestBase" name="@BeforeMethod beforeMethod" time="-1.698625484046E9">
    <skipped/>
  </testcase> <!-- @BeforeMethod beforeMethod -->
  <testcase classname="main.EDRM.hybridFramework.TestBase.TestBase" name="@AfterMethod afterMethod" time="-1.698625484074E9">
    <skipped/>
  </testcase> <!-- @AfterMethod afterMethod -->
  <testcase classname="main.EDRM.hybridFramework.TestBase.TestBase" name="@BeforeMethod beforeMethod" time="-1.69862548408E9">
    <skipped/>
  </testcase> <!-- @BeforeMethod beforeMethod -->
  <testcase classname="main.EDRM.hybridFramework.TestBase.TestBase" name="@AfterMethod afterMethod" time="-1.698625484084E9">
    <skipped/>
  </testcase> <!-- @AfterMethod afterMethod -->
  <testcase classname="main.EDRM.hybridFramework.TestBase.TestBase" name="@BeforeMethod beforeMethod" time="-1.698625484089E9">
    <skipped/>
  </testcase> <!-- @BeforeMethod beforeMethod -->
  <testcase classname="main.EDRM.hybridFramework.TestBase.TestBase" name="@AfterMethod afterMethod" time="-1.698625484094E9">
    <skipped/>
  </testcase> <!-- @AfterMethod afterMethod -->
  <testcase classname="main.EDRM.hybridFramework.TestBase.TestBase" name="@BeforeMethod beforeMethod" time="-1.698625484103E9">
    <skipped/>
  </testcase> <!-- @BeforeMethod beforeMethod -->
  <testcase classname="main.EDRM.hybridFramework.TestBase.TestBase" name="@AfterMethod afterMethod" time="-1.698625484139E9">
    <skipped/>
  </testcase> <!-- @AfterMethod afterMethod -->
  <testcase classname="main.EDRM.hybridFramework.TestBase.TestBase" name="@BeforeMethod beforeMethod" time="-1.698625484151E9">
    <skipped/>
  </testcase> <!-- @BeforeMethod beforeMethod -->
  <testcase classname="main.EDRM.hybridFramework.TestBase.TestBase" name="@AfterMethod afterMethod" time="-1.698625484165E9">
    <skipped/>
  </testcase> <!-- @AfterMethod afterMethod -->
  <testcase classname="main.EDRM.hybridFramework.TestBase.TestBase" name="@BeforeMethod beforeMethod" time="-1.698625484167E9">
    <skipped/>
  </testcase> <!-- @BeforeMethod beforeMethod -->
  <testcase classname="main.EDRM.hybridFramework.TestBase.TestBase" name="@AfterMethod afterMethod" time="-1.698625484183E9">
    <skipped/>
  </testcase> <!-- @AfterMethod afterMethod -->
  <testcase classname="main.EDRM.hybridFramework.TestBase.TestBase" name="@BeforeMethod beforeMethod" time="-1.698625484186E9">
    <skipped/>
  </testcase> <!-- @BeforeMethod beforeMethod -->
  <testcase classname="main.EDRM.hybridFramework.TestBase.TestBase" name="@AfterMethod afterMethod" time="-1.69862548419E9">
    <skipped/>
  </testcase> <!-- @AfterMethod afterMethod -->
  <testcase classname="tests.TestCapturePage" name="TestCaptureDocumentNavigation" time="0.0">
    <skipped/>
  </testcase> <!-- TestCaptureDocumentNavigation -->
  <testcase classname="tests.TestCapturePage" name="TestCaptureFormFillingMultipleDocsPrereq" time="0.0">
    <skipped/>
  </testcase> <!-- TestCaptureFormFillingMultipleDocsPrereq -->
  <testcase classname="tests.TestCapturePage" name="TestCaptureFormFillingWithCreateDocument" time="0.0">
    <skipped/>
  </testcase> <!-- TestCaptureFormFillingWithCreateDocument -->
  <testcase classname="tests.TestCapturePage" name="TestSearchDocInTraylistandChangeStatusToInprogress" time="0.0">
    <skipped/>
  </testcase> <!-- TestSearchDocInTraylistandChangeStatusToInprogress -->
  <testcase classname="tests.TestCapturePage" name="TestMoreSearchDocumentList" time="0.0">
    <skipped/>
  </testcase> <!-- TestMoreSearchDocumentList -->
  <testcase classname="tests.TestCapturePage" name="TestMoreSearchIntrayList" time="0.0">
    <skipped/>
  </testcase> <!-- TestMoreSearchIntrayList -->
  <testcase classname="tests.TestCapturePage" name="TestMailStatusDocumentIntrayListMoreSearch" time="0.0">
    <skipped/>
  </testcase> <!-- TestMailStatusDocumentIntrayListMoreSearch -->
  <testcase classname="tests.TestCapturePage" name="TestCaptureFormWithTeamAndValidations" time="0.0">
    <skipped/>
  </testcase> <!-- TestCaptureFormWithTeamAndValidations -->
  <testcase classname="tests.TestCapturePage" name="TestSearchDocInTraylistandChangeStatus" time="0.0">
    <skipped/>
  </testcase> <!-- TestSearchDocInTraylistandChangeStatus -->
  <testcase classname="tests.TestCapturePage" name="TestCopyDocument" time="0.0">
    <skipped/>
  </testcase> <!-- TestCopyDocument -->
  <testcase classname="tests.TestCapturePage" name="TestCaptureMemoIndividualDocument" time="0.0">
    <skipped/>
  </testcase> <!-- TestCaptureMemoIndividualDocument -->
  <testcase classname="tests.TestCapturePage" name="TestCaptureMemoTeamDocument" time="0.0">
    <skipped/>
  </testcase> <!-- TestCaptureMemoTeamDocument -->
  <testcase classname="tests.TestCapturePage" name="TestCaptureMemoAutomaticDocument" time="0.0">
    <skipped/>
  </testcase> <!-- TestCaptureMemoAutomaticDocument -->
  <testcase classname="tests.TestCapturePage" name="TestCaptureMemoNavigationViwer" time="0.0">
    <skipped/>
  </testcase> <!-- TestCaptureMemoNavigationViwer -->
  <testcase classname="tests.TestCapturePage" name="TestCaptureMemoDifferentFileSystem" time="0.0">
    <skipped/>
  </testcase> <!-- TestCaptureMemoDifferentFileSystem -->
  <testcase classname="tests.TestCapturePage" name="TestFolderTranslateAccountRef" time="0.0">
    <skipped/>
  </testcase> <!-- TestFolderTranslateAccountRef -->
  <testcase classname="tests.TestCapturePage" name="TestFolderTranslateMiscRef" time="0.0">
    <skipped/>
  </testcase> <!-- TestFolderTranslateMiscRef -->
  <testcase classname="tests.TestCapturePage" name="TestFolderTranslatePropRef" time="0.0">
    <skipped/>
  </testcase> <!-- TestFolderTranslatePropRef -->
  <testcase classname="tests.TestCapturePage" name="TestAddDummyReferenceAll" time="0.0">
    <skipped/>
  </testcase> <!-- TestAddDummyReferenceAll -->
  <testcase classname="tests.TestCapturePage" name="TestFolderTranslateDummyAccountRef" time="0.0">
    <skipped/>
  </testcase> <!-- TestFolderTranslateDummyAccountRef -->
  <testcase classname="tests.TestCapturePage" name="TestFolderTranslateDummyMiscRef" time="0.0">
    <skipped/>
  </testcase> <!-- TestFolderTranslateDummyMiscRef -->
  <testcase classname="tests.TestCapturePage" name="TestFolderTranslateDummyPropRef" time="0.0">
    <skipped/>
  </testcase> <!-- TestFolderTranslateDummyPropRef -->
  <testcase classname="tests.TestCapturePage" name="TestTeamDocumentIntrayListMoreSearch" time="0.0">
    <skipped/>
  </testcase> <!-- TestTeamDocumentIntrayListMoreSearch -->
  <testcase classname="tests.TestCapturePage" name="TestDeleteDummyReference" time="0.0">
    <skipped/>
  </testcase> <!-- TestDeleteDummyReference -->
  <testcase classname="tests.TestCapturePage" name="TestCaptureMemoDelete" time="0.0">
    <ignored/>
  </testcase> <!-- TestCaptureMemoDelete -->
  <testcase classname="tests.TestCapturePage" name="TestBatchIndexUnlock" time="0.0">
    <ignored/>
  </testcase> <!-- TestBatchIndexUnlock -->
  <testcase classname="tests.TestCapturePage" name="TestBatchIndexFunctionality" time="0.0">
    <ignored/>
  </testcase> <!-- TestBatchIndexFunctionality -->
  <testcase classname="tests.TestCapturePage" name="TestDeleteBatch" time="0.0">
    <ignored/>
  </testcase> <!-- TestDeleteBatch -->
  <testcase classname="tests.TestCapturePage" name="TestVerifyCopyPrevious" time="0.0">
    <ignored/>
  </testcase> <!-- TestVerifyCopyPrevious -->
  <testcase classname="tests.TestCapturePage" name="TestAddFolderReference" time="0.0">
    <ignored/>
  </testcase> <!-- TestAddFolderReference -->
</testsuite> <!-- CapturePage -->
