<?xml version="1.0" encoding="UTF-8"?>
<!-- Generated by org.testng.reporters.JUnitXMLReporter -->
<testsuite ignored="2" hostname="EDM-VM-CL01" failures="0" tests="14" name="CaseManagement" time="0.081" errors="0" timestamp="2023-10-30T05:54:45 IST">
  <testcase classname="tests.TestToolkitCaseManagement" name="@BeforeClass setupClass" time="-1.6986254859E9">
    <skipped/>
  </testcase> <!-- @BeforeClass setupClass -->
  <testcase classname="main.EDRM.hybridFramework.TestBase.TestBase" name="@BeforeMethod beforeMethod" time="-1.698625485902E9">
    <skipped/>
  </testcase> <!-- @BeforeMethod beforeMethod -->
  <testcase classname="main.EDRM.hybridFramework.TestBase.TestBase" name="@AfterMethod afterMethod" time="-1.698625485905E9">
    <skipped/>
  </testcase> <!-- @AfterMethod afterMethod -->
  <testcase classname="main.EDRM.hybridFramework.TestBase.TestBase" name="@BeforeMethod beforeMethod" time="-1.698625485906E9">
    <skipped/>
  </testcase> <!-- @BeforeMethod beforeMethod -->
  <testcase classname="main.EDRM.hybridFramework.TestBase.TestBase" name="@AfterMethod afterMethod" time="-1.69862548591E9">
    <skipped/>
  </testcase> <!-- @AfterMethod afterMethod -->
  <testcase classname="main.EDRM.hybridFramework.TestBase.TestBase" name="@BeforeMethod beforeMethod" time="-1.698625485912E9">
    <skipped/>
  </testcase> <!-- @BeforeMethod beforeMethod -->
  <testcase classname="main.EDRM.hybridFramework.TestBase.TestBase" name="@AfterMethod afterMethod" time="-1.698625485915E9">
    <skipped/>
  </testcase> <!-- @AfterMethod afterMethod -->
  <testcase classname="main.EDRM.hybridFramework.TestBase.TestBase" name="@BeforeMethod beforeMethod" time="-1.698625485917E9">
    <skipped/>
  </testcase> <!-- @BeforeMethod beforeMethod -->
  <testcase classname="main.EDRM.hybridFramework.TestBase.TestBase" name="@AfterMethod afterMethod" time="-1.698625485918E9">
    <skipped/>
  </testcase> <!-- @AfterMethod afterMethod -->
  <testcase classname="main.EDRM.hybridFramework.TestBase.TestBase" name="@BeforeMethod beforeMethod" time="-1.698625485925E9">
    <skipped/>
  </testcase> <!-- @BeforeMethod beforeMethod -->
  <testcase classname="main.EDRM.hybridFramework.TestBase.TestBase" name="@AfterMethod afterMethod" time="-1.698625485926E9">
    <skipped/>
  </testcase> <!-- @AfterMethod afterMethod -->
  <testcase classname="main.EDRM.hybridFramework.TestBase.TestBase" name="@BeforeMethod beforeMethod" time="-1.698625485964E9">
    <skipped/>
  </testcase> <!-- @BeforeMethod beforeMethod -->
  <testcase classname="main.EDRM.hybridFramework.TestBase.TestBase" name="@AfterMethod afterMethod" time="-1.698625485966E9">
    <skipped/>
  </testcase> <!-- @AfterMethod afterMethod -->
  <testcase classname="tests.TestToolkitCaseManagement" name="TestAddSubFolderTemplateContent" time="0.0">
    <skipped/>
  </testcase> <!-- TestAddSubFolderTemplateContent -->
  <testcase classname="tests.TestToolkitCaseManagement" name="TestDocumentTypeAdditionTemplateContent" time="0.0">
    <skipped/>
  </testcase> <!-- TestDocumentTypeAdditionTemplateContent -->
  <testcase classname="tests.TestToolkitCaseManagement" name="TestEditRequiredOnAddDocTemplateContent" time="0.0">
    <skipped/>
  </testcase> <!-- TestEditRequiredOnAddDocTemplateContent -->
  <testcase classname="tests.TestToolkitCaseManagement" name="TestVerifyEditionTemplate" time="0.0">
    <skipped/>
  </testcase> <!-- TestVerifyEditionTemplate -->
  <testcase classname="tests.TestToolkitCaseManagement" name="TestVerifyCaseCapturedInAspect" time="0.0">
    <skipped/>
  </testcase> <!-- TestVerifyCaseCapturedInAspect -->
  <testcase classname="tests.TestToolkitCaseManagement" name="TestVerifyInstigateIntrayCase" time="0.0">
    <skipped/>
  </testcase> <!-- TestVerifyInstigateIntrayCase -->
  <testcase classname="tests.TestToolkitCaseManagement" name="TestVerifyCaseSubDocAccessed" time="0.0">
    <skipped/>
  </testcase> <!-- TestVerifyCaseSubDocAccessed -->
  <testcase classname="tests.TestToolkitCaseManagement" name="TestVerifyCaseCapturedSubDocAcceptance" time="0.0">
    <skipped/>
  </testcase> <!-- TestVerifyCaseCapturedSubDocAcceptance -->
  <testcase classname="tests.TestToolkitCaseManagement" name="TestAutomaticAllocationOfMasterAndSubDocument" time="0.0">
    <skipped/>
  </testcase> <!-- TestAutomaticAllocationOfMasterAndSubDocument -->
  <testcase classname="tests.TestToolkitCaseManagement" name="TestAllocationOfTwoMasterAndSubDocument" time="0.0">
    <skipped/>
  </testcase> <!-- TestAllocationOfTwoMasterAndSubDocument -->
  <testcase classname="tests.TestToolkitCaseManagement" name="VerifySubDocAllocationUsingTwoMasterDoc" time="0.0">
    <skipped/>
  </testcase> <!-- VerifySubDocAllocationUsingTwoMasterDoc -->
  <testcase classname="tests.TestToolkitCaseManagement" name="TestVerifyUnassignSubDocument" time="0.0">
    <skipped/>
  </testcase> <!-- TestVerifyUnassignSubDocument -->
  <testcase classname="tests.TestToolkitCaseManagement" name="TestPartMatchTemplateChangesStatusMatchedFromPending" time="0.0">
    <skipped/>
  </testcase> <!-- TestPartMatchTemplateChangesStatusMatchedFromPending -->
  <testcase classname="tests.TestToolkitCaseManagement" name="TestMailStatusChangedVerified" time="0.0">
    <skipped/>
  </testcase> <!-- TestMailStatusChangedVerified -->
  <testcase classname="tests.TestToolkitCaseManagement" name="TestVerifyAutomaticAssignment" time="0.0">
    <ignored/>
  </testcase> <!-- TestVerifyAutomaticAssignment -->
  <testcase classname="tests.TestToolkitCaseManagement" name="TestVerifyMasterControlSheetFunctionality" time="0.0">
    <ignored/>
  </testcase> <!-- TestVerifyMasterControlSheetFunctionality -->
</testsuite> <!-- CaseManagement -->
