<?xml version="1.0" encoding="UTF-8"?>
<!-- Generated by org.testng.reporters.JUnitXMLReporter -->
<testsuite ignored="6" hostname="EDM-VM-CL01" failures="0" tests="28" name="DocumentTools" time="0.495" errors="0" timestamp="2023-10-30T05:54:45 IST">
  <testcase classname="tests.TestDocumentTools" name="@BeforeClass setupClass" time="-1.698625484646E9">
    <skipped/>
  </testcase> <!-- @BeforeClass setupClass -->
  <testcase classname="main.EDRM.hybridFramework.TestBase.TestBase" name="@BeforeMethod beforeMethod" time="-1.698625484771E9">
    <skipped/>
  </testcase> <!-- @BeforeMethod beforeMethod -->
  <testcase classname="main.EDRM.hybridFramework.TestBase.TestBase" name="@AfterMethod afterMethod" time="-1.69862548478E9">
    <skipped/>
  </testcase> <!-- @AfterMethod afterMethod -->
  <testcase classname="main.EDRM.hybridFramework.TestBase.TestBase" name="@BeforeMethod beforeMethod" time="-1.698625484783E9">
    <skipped/>
  </testcase> <!-- @BeforeMethod beforeMethod -->
  <testcase classname="main.EDRM.hybridFramework.TestBase.TestBase" name="@AfterMethod afterMethod" time="-1.698625484789E9">
    <skipped/>
  </testcase> <!-- @AfterMethod afterMethod -->
  <testcase classname="main.EDRM.hybridFramework.TestBase.TestBase" name="@BeforeMethod beforeMethod" time="-1.698625484814E9">
    <skipped/>
  </testcase> <!-- @BeforeMethod beforeMethod -->
  <testcase classname="main.EDRM.hybridFramework.TestBase.TestBase" name="@AfterMethod afterMethod" time="-1.698625484819E9">
    <skipped/>
  </testcase> <!-- @AfterMethod afterMethod -->
  <testcase classname="main.EDRM.hybridFramework.TestBase.TestBase" name="@BeforeMethod beforeMethod" time="-1.698625484826E9">
    <skipped/>
  </testcase> <!-- @BeforeMethod beforeMethod -->
  <testcase classname="main.EDRM.hybridFramework.TestBase.TestBase" name="@AfterMethod afterMethod" time="-1.698625484829E9">
    <skipped/>
  </testcase> <!-- @AfterMethod afterMethod -->
  <testcase classname="main.EDRM.hybridFramework.TestBase.TestBase" name="@BeforeMethod beforeMethod" time="-1.698625484831E9">
    <skipped/>
  </testcase> <!-- @BeforeMethod beforeMethod -->
  <testcase classname="main.EDRM.hybridFramework.TestBase.TestBase" name="@AfterMethod afterMethod" time="-1.698625484833E9">
    <skipped/>
  </testcase> <!-- @AfterMethod afterMethod -->
  <testcase classname="main.EDRM.hybridFramework.TestBase.TestBase" name="@BeforeMethod beforeMethod" time="-1.698625484834E9">
    <skipped/>
  </testcase> <!-- @BeforeMethod beforeMethod -->
  <testcase classname="main.EDRM.hybridFramework.TestBase.TestBase" name="@AfterMethod afterMethod" time="-1.698625484836E9">
    <skipped/>
  </testcase> <!-- @AfterMethod afterMethod -->
  <testcase classname="main.EDRM.hybridFramework.TestBase.TestBase" name="@BeforeMethod beforeMethod" time="-1.698625484838E9">
    <skipped/>
  </testcase> <!-- @BeforeMethod beforeMethod -->
  <testcase classname="main.EDRM.hybridFramework.TestBase.TestBase" name="@AfterMethod afterMethod" time="-1.698625484839E9">
    <skipped/>
  </testcase> <!-- @AfterMethod afterMethod -->
  <testcase classname="main.EDRM.hybridFramework.TestBase.TestBase" name="@BeforeMethod beforeMethod" time="-1.698625484842E9">
    <skipped/>
  </testcase> <!-- @BeforeMethod beforeMethod -->
  <testcase classname="main.EDRM.hybridFramework.TestBase.TestBase" name="@AfterMethod afterMethod" time="-1.698625484845E9">
    <skipped/>
  </testcase> <!-- @AfterMethod afterMethod -->
  <testcase classname="main.EDRM.hybridFramework.TestBase.TestBase" name="@BeforeMethod beforeMethod" time="-1.698625485109E9">
    <skipped/>
  </testcase> <!-- @BeforeMethod beforeMethod -->
  <testcase classname="main.EDRM.hybridFramework.TestBase.TestBase" name="@AfterMethod afterMethod" time="-1.698625485112E9">
    <skipped/>
  </testcase> <!-- @AfterMethod afterMethod -->
  <testcase classname="main.EDRM.hybridFramework.TestBase.TestBase" name="@BeforeMethod beforeMethod" time="-1.698625485132E9">
    <skipped/>
  </testcase> <!-- @BeforeMethod beforeMethod -->
  <testcase classname="main.EDRM.hybridFramework.TestBase.TestBase" name="@AfterMethod afterMethod" time="-1.698625485133E9">
    <skipped/>
  </testcase> <!-- @AfterMethod afterMethod -->
  <testcase classname="tests.TestDocumentTools" name="TestReindexDocument" time="0.0">
    <skipped/>
  </testcase> <!-- TestReindexDocument -->
  <testcase classname="tests.TestDocumentTools" name="TestReReferenceFlow" time="0.0">
    <skipped/>
  </testcase> <!-- TestReReferenceFlow -->
  <testcase classname="tests.TestDocumentTools" name="TestClearOnDocReRefrence" time="0.0">
    <skipped/>
  </testcase> <!-- TestClearOnDocReRefrence -->
  <testcase classname="tests.TestDocumentTools" name="TestCancelOnDocReRefrence" time="0.0">
    <skipped/>
  </testcase> <!-- TestCancelOnDocReRefrence -->
  <testcase classname="tests.TestDocumentTools" name="TestKeepReferenceOnDocReRefrence" time="0.0">
    <skipped/>
  </testcase> <!-- TestKeepReferenceOnDocReRefrence -->
  <testcase classname="tests.TestDocumentTools" name="TestDifferentFileSystemOnDocReRefrence" time="0.0">
    <skipped/>
  </testcase> <!-- TestDifferentFileSystemOnDocReRefrence -->
  <testcase classname="tests.TestDocumentTools" name="TestFolderRefAddInDocReRefrence" time="0.0">
    <skipped/>
  </testcase> <!-- TestFolderRefAddInDocReRefrence -->
  <testcase classname="tests.TestDocumentTools" name="TestDocumentDeleteCancelPopup" time="0.0">
    <skipped/>
  </testcase> <!-- TestDocumentDeleteCancelPopup -->
  <testcase classname="tests.TestDocumentTools" name="TestDocumentLinkingIntray" time="0.0">
    <skipped/>
  </testcase> <!-- TestDocumentLinkingIntray -->
  <testcase classname="tests.TestDocumentTools" name="TestViewLinkingUnderReferencing" time="0.0">
    <skipped/>
  </testcase> <!-- TestViewLinkingUnderReferencing -->
  <testcase classname="tests.TestDocumentTools" name="TestLaunchLinkingUnderReferencing" time="0.0">
    <skipped/>
  </testcase> <!-- TestLaunchLinkingUnderReferencing -->
  <testcase classname="tests.TestDocumentTools" name="TestRemoveLinkingUnderReferencing" time="0.0">
    <skipped/>
  </testcase> <!-- TestRemoveLinkingUnderReferencing -->
  <testcase classname="tests.TestDocumentTools" name="TestCheckedOutFunctionality" time="0.0">
    <skipped/>
  </testcase> <!-- TestCheckedOutFunctionality -->
  <testcase classname="tests.TestDocumentTools" name="TestDocumentNotCheckedOutCurrently" time="0.0">
    <skipped/>
  </testcase> <!-- TestDocumentNotCheckedOutCurrently -->
  <testcase classname="tests.TestDocumentTools" name="TestDocumentVersionFunctionalityCheckedOut" time="0.0">
    <skipped/>
  </testcase> <!-- TestDocumentVersionFunctionalityCheckedOut -->
  <testcase classname="tests.TestDocumentTools" name="TestCheckedOutDocListUnderCapture" time="0.0">
    <skipped/>
  </testcase> <!-- TestCheckedOutDocListUnderCapture -->
  <testcase classname="tests.TestDocumentTools" name="TestCheckedOutDocListUnderAdmin" time="0.0">
    <skipped/>
  </testcase> <!-- TestCheckedOutDocListUnderAdmin -->
  <testcase classname="tests.TestDocumentTools" name="TestAddTags" time="0.0">
    <skipped/>
  </testcase> <!-- TestAddTags -->
  <testcase classname="tests.TestDocumentTools" name="TestEditDeleteDisabledTags" time="0.0">
    <skipped/>
  </testcase> <!-- TestEditDeleteDisabledTags -->
  <testcase classname="tests.TestDocumentTools" name="TestEditTags" time="0.0">
    <skipped/>
  </testcase> <!-- TestEditTags -->
  <testcase classname="tests.TestDocumentTools" name="TestSetTagsOnReIndexAssociatedDocs" time="0.0">
    <skipped/>
  </testcase> <!-- TestSetTagsOnReIndexAssociatedDocs -->
  <testcase classname="tests.TestDocumentTools" name="TestSetTagsOnMoreSearch" time="0.0">
    <skipped/>
  </testcase> <!-- TestSetTagsOnMoreSearch -->
  <testcase classname="tests.TestDocumentTools" name="TestRemoveTagsOnReIndexAssociatedDocs" time="0.0">
    <skipped/>
  </testcase> <!-- TestRemoveTagsOnReIndexAssociatedDocs -->
  <testcase classname="tests.TestDocumentTools" name="TestDeleteTagsAssociatedDocs" time="0.0">
    <skipped/>
  </testcase> <!-- TestDeleteTagsAssociatedDocs -->
  <testcase classname="tests.TestDocumentTools" name="TestOneParentMultiChildTagsOn" time="0.0">
    <skipped/>
  </testcase> <!-- TestOneParentMultiChildTagsOn -->
  <testcase classname="tests.TestDocumentTools" name="TestDocumentSearchManageTags" time="0.0">
    <skipped/>
  </testcase> <!-- TestDocumentSearchManageTags -->
  <testcase classname="tests.TestDocumentTools" name="TestDeleteTags" time="0.0">
    <skipped/>
  </testcase> <!-- TestDeleteTags -->
  <testcase classname="tests.TestDocumentTools" name="ToAssignNextMailItemsToUser" time="0.0">
    <skipped/>
  </testcase> <!-- ToAssignNextMailItemsToUser -->
  <testcase classname="tests.TestDocumentTools" name="TestDocumentDeleteAndRestore" time="0.0">
    <ignored/>
  </testcase> <!-- TestDocumentDeleteAndRestore -->
  <testcase classname="tests.TestDocumentTools" name="TestDocumentListDocumentDelete" time="0.0">
    <ignored/>
  </testcase> <!-- TestDocumentListDocumentDelete -->
  <testcase classname="tests.TestDocumentTools" name="TestCaptureDocMultipleTags" time="0.0">
    <ignored/>
  </testcase> <!-- TestCaptureDocMultipleTags -->
  <testcase classname="tests.TestDocumentTools" name="TestMultipleDocumentOnDocReRefrence" time="0.0">
    <ignored/>
  </testcase> <!-- TestMultipleDocumentOnDocReRefrence -->
  <testcase classname="tests.TestDocumentTools" name="TestDocumentLandingPageDocumentDelete" time="0.0">
    <ignored/>
  </testcase> <!-- TestDocumentLandingPageDocumentDelete -->
  <testcase classname="tests.TestDocumentTools" name="TestCaptureDocClearTags" time="0.0">
    <ignored/>
  </testcase> <!-- TestCaptureDocClearTags -->
</testsuite> <!-- DocumentTools -->
