<?xml version="1.0" encoding="UTF-8"?>
<!-- Generated by org.testng.reporters.JUnitXMLReporter -->
<testsuite ignored="6" hostname="EDM-VM-CL01" failures="0" tests="7" name="FileSystem" time="0.152" errors="0" timestamp="2023-10-30T05:54:42 IST">
  <testcase classname="tests.TestAdminFileSystem" name="@BeforeClass setupClass" time="-1.698625482697E9">
    <skipped/>
  </testcase> <!-- @BeforeClass setupClass -->
  <testcase classname="main.EDRM.hybridFramework.TestBase.TestBase" name="@BeforeMethod beforeMethod" time="-1.69862548273E9">
    <skipped/>
  </testcase> <!-- @BeforeMethod beforeMethod -->
  <testcase classname="main.EDRM.hybridFramework.TestBase.TestBase" name="@AfterMethod afterMethod" time="-1.69862548274E9">
    <skipped/>
  </testcase> <!-- @AfterMethod afterMethod -->
  <testcase classname="main.EDRM.hybridFramework.TestBase.TestBase" name="@BeforeMethod beforeMethod" time="-1.698625482785E9">
    <skipped/>
  </testcase> <!-- @BeforeMethod beforeMethod -->
  <testcase classname="main.EDRM.hybridFramework.TestBase.TestBase" name="@AfterMethod afterMethod" time="-1.698625482802E9">
    <skipped/>
  </testcase> <!-- @AfterMethod afterMethod -->
  <testcase classname="main.EDRM.hybridFramework.TestBase.TestBase" name="@BeforeMethod beforeMethod" time="-1.698625482824E9">
    <skipped/>
  </testcase> <!-- @BeforeMethod beforeMethod -->
  <testcase classname="main.EDRM.hybridFramework.TestBase.TestBase" name="@AfterMethod afterMethod" time="-1.698625482831E9">
    <skipped/>
  </testcase> <!-- @AfterMethod afterMethod -->
  <testcase classname="main.EDRM.hybridFramework.TestBase.TestBase" name="@BeforeMethod beforeMethod" time="-1.698625482837E9">
    <skipped/>
  </testcase> <!-- @BeforeMethod beforeMethod -->
  <testcase classname="main.EDRM.hybridFramework.TestBase.TestBase" name="@AfterMethod afterMethod" time="-1.698625482842E9">
    <skipped/>
  </testcase> <!-- @AfterMethod afterMethod -->
  <testcase classname="tests.TestAdminFileSystem" name="TestAddNewCacheServer" time="0.0">
    <skipped/>
  </testcase> <!-- TestAddNewCacheServer -->
  <testcase classname="tests.TestAdminFileSystem" name="EditCacheServer" time="0.0">
    <skipped/>
  </testcase> <!-- EditCacheServer -->
  <testcase classname="tests.TestAdminFileSystem" name="VerifyErrorMessageInCacheServer" time="0.0">
    <skipped/>
  </testcase> <!-- VerifyErrorMessageInCacheServer -->
  <testcase classname="tests.TestAdminFileSystem" name="AddBankHoliday" time="0.0">
    <skipped/>
  </testcase> <!-- AddBankHoliday -->
  <testcase classname="tests.TestAdminFileSystem" name="EditBankHoliday" time="0.0">
    <skipped/>
  </testcase> <!-- EditBankHoliday -->
  <testcase classname="tests.TestAdminFileSystem" name="DeleteBankHoliday" time="0.001">
    <skipped/>
  </testcase> <!-- DeleteBankHoliday -->
  <testcase classname="tests.TestAdminFileSystem" name="TestGoToFlexibleIndexAdmin" time="0.0">
    <skipped/>
  </testcase> <!-- TestGoToFlexibleIndexAdmin -->
  <testcase classname="tests.TestAdminFileSystem" name="TestAddEnityandField" time="0.0">
    <ignored/>
  </testcase> <!-- TestAddEnityandField -->
  <testcase classname="tests.TestAdminFileSystem" name="TestEditLabelFunctionality" time="0.0">
    <ignored/>
  </testcase> <!-- TestEditLabelFunctionality -->
  <testcase classname="tests.TestAdminFileSystem" name="TestAddFileSystemToCache" time="0.0">
    <ignored/>
  </testcase> <!-- TestAddFileSystemToCache -->
  <testcase classname="tests.TestAdminFileSystem" name="TestCancelLabelChangesFunctionality" time="0.0">
    <ignored/>
  </testcase> <!-- TestCancelLabelChangesFunctionality -->
  <testcase classname="tests.TestAdminFileSystem" name="EditFileSystem" time="0.0">
    <ignored/>
  </testcase> <!-- EditFileSystem -->
  <testcase classname="tests.TestAdminFileSystem" name="TestAddFileSystem" time="0.0">
    <ignored/>
  </testcase> <!-- TestAddFileSystem -->
</testsuite> <!-- FileSystem -->
