<?xml version="1.0" encoding="UTF-8"?>
<!-- Generated by org.testng.reporters.JUnitXMLReporter -->
<testsuite ignored="2" hostname="EDM-VM-CL01" failures="0" tests="18" name="FolderFlag" time="0.165" errors="0" timestamp="2023-10-30T05:54:46 IST">
  <testcase classname="tests.TestFolderFlag" name="@BeforeClass setupClass" time="-1.698625486093E9">
    <skipped/>
  </testcase> <!-- @BeforeClass setupClass -->
  <testcase classname="main.EDRM.hybridFramework.TestBase.TestBase" name="@BeforeMethod beforeMethod" time="-1.698625486112E9">
    <skipped/>
  </testcase> <!-- @BeforeMethod beforeMethod -->
  <testcase classname="main.EDRM.hybridFramework.TestBase.TestBase" name="@AfterMethod afterMethod" time="-1.698625486115E9">
    <skipped/>
  </testcase> <!-- @AfterMethod afterMethod -->
  <testcase classname="main.EDRM.hybridFramework.TestBase.TestBase" name="@BeforeMethod beforeMethod" time="-1.698625486153E9">
    <skipped/>
  </testcase> <!-- @BeforeMethod beforeMethod -->
  <testcase classname="main.EDRM.hybridFramework.TestBase.TestBase" name="@AfterMethod afterMethod" time="-1.698625486155E9">
    <skipped/>
  </testcase> <!-- @AfterMethod afterMethod -->
  <testcase classname="main.EDRM.hybridFramework.TestBase.TestBase" name="@BeforeMethod beforeMethod" time="-1.698625486157E9">
    <skipped/>
  </testcase> <!-- @BeforeMethod beforeMethod -->
  <testcase classname="main.EDRM.hybridFramework.TestBase.TestBase" name="@AfterMethod afterMethod" time="-1.69862548616E9">
    <skipped/>
  </testcase> <!-- @AfterMethod afterMethod -->
  <testcase classname="main.EDRM.hybridFramework.TestBase.TestBase" name="@BeforeMethod beforeMethod" time="-1.698625486169E9">
    <skipped/>
  </testcase> <!-- @BeforeMethod beforeMethod -->
  <testcase classname="main.EDRM.hybridFramework.TestBase.TestBase" name="@AfterMethod afterMethod" time="-1.69862548617E9">
    <skipped/>
  </testcase> <!-- @AfterMethod afterMethod -->
  <testcase classname="main.EDRM.hybridFramework.TestBase.TestBase" name="@BeforeMethod beforeMethod" time="-1.698625486171E9">
    <skipped/>
  </testcase> <!-- @BeforeMethod beforeMethod -->
  <testcase classname="main.EDRM.hybridFramework.TestBase.TestBase" name="@AfterMethod afterMethod" time="-1.698625486181E9">
    <skipped/>
  </testcase> <!-- @AfterMethod afterMethod -->
  <testcase classname="main.EDRM.hybridFramework.TestBase.TestBase" name="@BeforeMethod beforeMethod" time="-1.698625486187E9">
    <skipped/>
  </testcase> <!-- @BeforeMethod beforeMethod -->
  <testcase classname="main.EDRM.hybridFramework.TestBase.TestBase" name="@AfterMethod afterMethod" time="-1.698625486188E9">
    <skipped/>
  </testcase> <!-- @AfterMethod afterMethod -->
  <testcase classname="main.EDRM.hybridFramework.TestBase.TestBase" name="@BeforeMethod beforeMethod" time="-1.698625486197E9">
    <skipped/>
  </testcase> <!-- @BeforeMethod beforeMethod -->
  <testcase classname="main.EDRM.hybridFramework.TestBase.TestBase" name="@AfterMethod afterMethod" time="-1.698625486199E9">
    <skipped/>
  </testcase> <!-- @AfterMethod afterMethod -->
  <testcase classname="main.EDRM.hybridFramework.TestBase.TestBase" name="@BeforeMethod beforeMethod" time="-1.698625486202E9">
    <skipped/>
  </testcase> <!-- @BeforeMethod beforeMethod -->
  <testcase classname="main.EDRM.hybridFramework.TestBase.TestBase" name="@AfterMethod afterMethod" time="-1.698625486204E9">
    <skipped/>
  </testcase> <!-- @AfterMethod afterMethod -->
  <testcase classname="main.EDRM.hybridFramework.TestBase.TestBase" name="@BeforeMethod beforeMethod" time="-1.698625486207E9">
    <skipped/>
  </testcase> <!-- @BeforeMethod beforeMethod -->
  <testcase classname="main.EDRM.hybridFramework.TestBase.TestBase" name="@AfterMethod afterMethod" time="-1.698625486241E9">
    <skipped/>
  </testcase> <!-- @AfterMethod afterMethod -->
  <testcase classname="main.EDRM.hybridFramework.TestBase.TestBase" name="@BeforeMethod beforeMethod" time="-1.698625486245E9">
    <skipped/>
  </testcase> <!-- @BeforeMethod beforeMethod -->
  <testcase classname="main.EDRM.hybridFramework.TestBase.TestBase" name="@AfterMethod afterMethod" time="-1.698625486248E9">
    <skipped/>
  </testcase> <!-- @AfterMethod afterMethod -->
  <testcase classname="tests.TestFolderFlag" name="TestCreateFolder1Ref" time="0.0">
    <skipped/>
  </testcase> <!-- TestCreateFolder1Ref -->
  <testcase classname="tests.TestFolderFlag" name="TestCreateFolder2Ref" time="0.0">
    <skipped/>
  </testcase> <!-- TestCreateFolder2Ref -->
  <testcase classname="tests.TestFolderFlag" name="TestCreateFolder3Ref" time="0.0">
    <skipped/>
  </testcase> <!-- TestCreateFolder3Ref -->
  <testcase classname="tests.TestFolderFlag" name="TestAddDummyReferenceAll" time="0.0">
    <skipped/>
  </testcase> <!-- TestAddDummyReferenceAll -->
  <testcase classname="tests.TestFolderFlag" name="TestCaptureDummyReferenceAll" time="0.0">
    <skipped/>
  </testcase> <!-- TestCaptureDummyReferenceAll -->
  <testcase classname="tests.TestFolderFlag" name="TestAddProtectiveMarker" time="0.0">
    <skipped/>
  </testcase> <!-- TestAddProtectiveMarker -->
  <testcase classname="tests.TestFolderFlag" name="TestCaptureFormFillingWithProtectiveMarker" time="0.0">
    <skipped/>
  </testcase> <!-- TestCaptureFormFillingWithProtectiveMarker -->
  <testcase classname="tests.TestFolderFlag" name="TestFolderFlagWithCharacter" time="0.0">
    <skipped/>
  </testcase> <!-- TestFolderFlagWithCharacter -->
  <testcase classname="tests.TestFolderFlag" name="TestProtectiveMarkerDeletion" time="0.0">
    <skipped/>
  </testcase> <!-- TestProtectiveMarkerDeletion -->
  <testcase classname="tests.TestFolderFlag" name="TestDeleteDummyReference" time="0.0">
    <skipped/>
  </testcase> <!-- TestDeleteDummyReference -->
  <testcase classname="tests.TestFolderFlag" name="EditFolder1EntityAndVerifyValues" time="0.0">
    <skipped/>
  </testcase> <!-- EditFolder1EntityAndVerifyValues -->
  <testcase classname="tests.TestFolderFlag" name="EditFolder2EntityAndVerifyValues" time="0.0">
    <skipped/>
  </testcase> <!-- EditFolder2EntityAndVerifyValues -->
  <testcase classname="tests.TestFolderFlag" name="EditFolder3EntityAndVerifyValues" time="0.0">
    <skipped/>
  </testcase> <!-- EditFolder3EntityAndVerifyValues -->
  <testcase classname="tests.TestFolderFlag" name="DeleteFolder1Entity" time="0.0">
    <skipped/>
  </testcase> <!-- DeleteFolder1Entity -->
  <testcase classname="tests.TestFolderFlag" name="DeleteFolder2Entity" time="0.0">
    <skipped/>
  </testcase> <!-- DeleteFolder2Entity -->
  <testcase classname="tests.TestFolderFlag" name="DeleteFolder3Entity" time="0.0">
    <skipped/>
  </testcase> <!-- DeleteFolder3Entity -->
  <testcase classname="tests.TestFolderFlag" name="TestAddDummyReferenceWithAutoincrement" time="0.0">
    <skipped/>
  </testcase> <!-- TestAddDummyReferenceWithAutoincrement -->
  <testcase classname="tests.TestFolderFlag" name="TestDeleteDummyReferenceWithAutoIncrement" time="0.0">
    <skipped/>
  </testcase> <!-- TestDeleteDummyReferenceWithAutoIncrement -->
  <testcase classname="tests.TestFolderFlag" name="TestFolderRefDeletion" time="0.0">
    <ignored/>
  </testcase> <!-- TestFolderRefDeletion -->
  <testcase classname="tests.TestFolderFlag" name="TestFolderFlagWithImage" time="0.0">
    <ignored/>
  </testcase> <!-- TestFolderFlagWithImage -->
</testsuite> <!-- FolderFlag -->
