<?xml version="1.0" encoding="UTF-8"?>
<!-- Generated by org.testng.reporters.JUnitXMLReporter -->
<testsuite ignored="2" hostname="EDM-VM-CL01" failures="0" tests="4" name="FolderSection" time="0.051" errors="0" timestamp="2023-10-30T05:54:43 IST">
  <testcase classname="tests.TestAdminFolderSection" name="@BeforeClass setupClass" time="-1.69862548301E9">
    <skipped/>
  </testcase> <!-- @BeforeClass setupClass -->
  <testcase classname="main.EDRM.hybridFramework.TestBase.TestBase" name="@BeforeMethod beforeMethod" time="-1.698625483016E9">
    <skipped/>
  </testcase> <!-- @BeforeMethod beforeMethod -->
  <testcase classname="main.EDRM.hybridFramework.TestBase.TestBase" name="@AfterMethod afterMethod" time="-1.698625483022E9">
    <skipped/>
  </testcase> <!-- @AfterMethod afterMethod -->
  <testcase classname="main.EDRM.hybridFramework.TestBase.TestBase" name="@BeforeMethod beforeMethod" time="-1.698625483025E9">
    <skipped/>
  </testcase> <!-- @BeforeMethod beforeMethod -->
  <testcase classname="main.EDRM.hybridFramework.TestBase.TestBase" name="@AfterMethod afterMethod" time="-1.698625483032E9">
    <skipped/>
  </testcase> <!-- @AfterMethod afterMethod -->
  <testcase classname="main.EDRM.hybridFramework.TestBase.TestBase" name="@BeforeMethod beforeMethod" time="-1.698625483035E9">
    <skipped/>
  </testcase> <!-- @BeforeMethod beforeMethod -->
  <testcase classname="main.EDRM.hybridFramework.TestBase.TestBase" name="@AfterMethod afterMethod" time="-1.69862548304E9">
    <skipped/>
  </testcase> <!-- @AfterMethod afterMethod -->
  <testcase classname="main.EDRM.hybridFramework.TestBase.TestBase" name="@BeforeMethod beforeMethod" time="-1.698625483044E9">
    <skipped/>
  </testcase> <!-- @BeforeMethod beforeMethod -->
  <testcase classname="main.EDRM.hybridFramework.TestBase.TestBase" name="@AfterMethod afterMethod" time="-1.698625483055E9">
    <skipped/>
  </testcase> <!-- @AfterMethod afterMethod -->
  <testcase classname="tests.TestAdminFolderSection" name="TestDataDownloadFolder1RefCSV" time="0.0">
    <skipped/>
  </testcase> <!-- TestDataDownloadFolder1RefCSV -->
  <testcase classname="tests.TestAdminFolderSection" name="TestDataDownloadFolder2RefCSV" time="0.0">
    <skipped/>
  </testcase> <!-- TestDataDownloadFolder2RefCSV -->
  <testcase classname="tests.TestAdminFolderSection" name="TestDataDownloadFolder1RefFixedLength" time="0.0">
    <skipped/>
  </testcase> <!-- TestDataDownloadFolder1RefFixedLength -->
  <testcase classname="tests.TestAdminFolderSection" name="TestDataDownloadFolder2RefFixedLength" time="0.0">
    <skipped/>
  </testcase> <!-- TestDataDownloadFolder2RefFixedLength -->
  <testcase classname="tests.TestAdminFolderSection" name="TestDataDownloadFolder3RefFixedLength" time="0.0">
    <ignored/>
  </testcase> <!-- TestDataDownloadFolder3RefFixedLength -->
  <testcase classname="tests.TestAdminFolderSection" name="TestDataDownloadFolder3RefCSV" time="0.0">
    <ignored/>
  </testcase> <!-- TestDataDownloadFolder3RefCSV -->
</testsuite> <!-- FolderSection -->
