<?xml version="1.0" encoding="UTF-8"?>
<!-- Generated by org.testng.reporters.JUnitXMLReporter -->
<testsuite ignored="7" hostname="EDM-VM-CL01" failures="0" tests="22" name="IntrayTools" time="0.485" errors="0" timestamp="2023-10-30T05:54:45 IST">
  <testcase classname="tests.TestIntrayTools" name="@BeforeClass setupClass" time="-1.698625485262E9">
    <skipped/>
  </testcase> <!-- @BeforeClass setupClass -->
  <testcase classname="main.EDRM.hybridFramework.TestBase.TestBase" name="@BeforeMethod beforeMethod" time="-1.698625485264E9">
    <skipped/>
  </testcase> <!-- @BeforeMethod beforeMethod -->
  <testcase classname="main.EDRM.hybridFramework.TestBase.TestBase" name="@AfterMethod afterMethod" time="-1.698625485267E9">
    <skipped/>
  </testcase> <!-- @AfterMethod afterMethod -->
  <testcase classname="main.EDRM.hybridFramework.TestBase.TestBase" name="@BeforeMethod beforeMethod" time="-1.69862548527E9">
    <skipped/>
  </testcase> <!-- @BeforeMethod beforeMethod -->
  <testcase classname="main.EDRM.hybridFramework.TestBase.TestBase" name="@AfterMethod afterMethod" time="-1.698625485276E9">
    <skipped/>
  </testcase> <!-- @AfterMethod afterMethod -->
  <testcase classname="main.EDRM.hybridFramework.TestBase.TestBase" name="@BeforeMethod beforeMethod" time="-1.698625485291E9">
    <skipped/>
  </testcase> <!-- @BeforeMethod beforeMethod -->
  <testcase classname="main.EDRM.hybridFramework.TestBase.TestBase" name="@AfterMethod afterMethod" time="-1.698625485301E9">
    <skipped/>
  </testcase> <!-- @AfterMethod afterMethod -->
  <testcase classname="main.EDRM.hybridFramework.TestBase.TestBase" name="@BeforeMethod beforeMethod" time="-1.698625485334E9">
    <skipped/>
  </testcase> <!-- @BeforeMethod beforeMethod -->
  <testcase classname="main.EDRM.hybridFramework.TestBase.TestBase" name="@AfterMethod afterMethod" time="-1.698625485349E9">
    <skipped/>
  </testcase> <!-- @AfterMethod afterMethod -->
  <testcase classname="main.EDRM.hybridFramework.TestBase.TestBase" name="@BeforeMethod beforeMethod" time="-1.698625485404E9">
    <skipped/>
  </testcase> <!-- @BeforeMethod beforeMethod -->
  <testcase classname="main.EDRM.hybridFramework.TestBase.TestBase" name="@AfterMethod afterMethod" time="-1.698625485426E9">
    <skipped/>
  </testcase> <!-- @AfterMethod afterMethod -->
  <testcase classname="main.EDRM.hybridFramework.TestBase.TestBase" name="@BeforeMethod beforeMethod" time="-1.698625485433E9">
    <skipped/>
  </testcase> <!-- @BeforeMethod beforeMethod -->
  <testcase classname="main.EDRM.hybridFramework.TestBase.TestBase" name="@AfterMethod afterMethod" time="-1.698625485442E9">
    <skipped/>
  </testcase> <!-- @AfterMethod afterMethod -->
  <testcase classname="main.EDRM.hybridFramework.TestBase.TestBase" name="@BeforeMethod beforeMethod" time="-1.698625485453E9">
    <skipped/>
  </testcase> <!-- @BeforeMethod beforeMethod -->
  <testcase classname="main.EDRM.hybridFramework.TestBase.TestBase" name="@AfterMethod afterMethod" time="-1.698625485464E9">
    <skipped/>
  </testcase> <!-- @AfterMethod afterMethod -->
  <testcase classname="main.EDRM.hybridFramework.TestBase.TestBase" name="@BeforeMethod beforeMethod" time="-1.698625485472E9">
    <skipped/>
  </testcase> <!-- @BeforeMethod beforeMethod -->
  <testcase classname="main.EDRM.hybridFramework.TestBase.TestBase" name="@AfterMethod afterMethod" time="-1.698625485481E9">
    <skipped/>
  </testcase> <!-- @AfterMethod afterMethod -->
  <testcase classname="main.EDRM.hybridFramework.TestBase.TestBase" name="@BeforeMethod beforeMethod" time="-1.698625485487E9">
    <skipped/>
  </testcase> <!-- @BeforeMethod beforeMethod -->
  <testcase classname="main.EDRM.hybridFramework.TestBase.TestBase" name="@AfterMethod afterMethod" time="-1.698625485489E9">
    <skipped/>
  </testcase> <!-- @AfterMethod afterMethod -->
  <testcase classname="main.EDRM.hybridFramework.TestBase.TestBase" name="@BeforeMethod beforeMethod" time="-1.698625485498E9">
    <skipped/>
  </testcase> <!-- @BeforeMethod beforeMethod -->
  <testcase classname="main.EDRM.hybridFramework.TestBase.TestBase" name="@AfterMethod afterMethod" time="-1.698625485517E9">
    <skipped/>
  </testcase> <!-- @AfterMethod afterMethod -->
  <testcase classname="main.EDRM.hybridFramework.TestBase.TestBase" name="@BeforeMethod beforeMethod" time="-1.698625485559E9">
    <skipped/>
  </testcase> <!-- @BeforeMethod beforeMethod -->
  <testcase classname="main.EDRM.hybridFramework.TestBase.TestBase" name="@AfterMethod afterMethod" time="-1.698625485561E9">
    <skipped/>
  </testcase> <!-- @AfterMethod afterMethod -->
  <testcase classname="main.EDRM.hybridFramework.TestBase.TestBase" name="@BeforeMethod beforeMethod" time="-1.698625485592E9">
    <skipped/>
  </testcase> <!-- @BeforeMethod beforeMethod -->
  <testcase classname="main.EDRM.hybridFramework.TestBase.TestBase" name="@AfterMethod afterMethod" time="-1.698625485644E9">
    <skipped/>
  </testcase> <!-- @AfterMethod afterMethod -->
  <testcase classname="main.EDRM.hybridFramework.TestBase.TestBase" name="@BeforeMethod beforeMethod" time="-1.698625485651E9">
    <skipped/>
  </testcase> <!-- @BeforeMethod beforeMethod -->
  <testcase classname="main.EDRM.hybridFramework.TestBase.TestBase" name="@AfterMethod afterMethod" time="-1.698625485667E9">
    <skipped/>
  </testcase> <!-- @AfterMethod afterMethod -->
  <testcase classname="main.EDRM.hybridFramework.TestBase.TestBase" name="@BeforeMethod beforeMethod" time="-1.698625485674E9">
    <skipped/>
  </testcase> <!-- @BeforeMethod beforeMethod -->
  <testcase classname="main.EDRM.hybridFramework.TestBase.TestBase" name="@AfterMethod afterMethod" time="-1.698625485682E9">
    <skipped/>
  </testcase> <!-- @AfterMethod afterMethod -->
  <testcase classname="main.EDRM.hybridFramework.TestBase.TestBase" name="@BeforeMethod beforeMethod" time="-1.698625485689E9">
    <skipped/>
  </testcase> <!-- @BeforeMethod beforeMethod -->
  <testcase classname="main.EDRM.hybridFramework.TestBase.TestBase" name="@AfterMethod afterMethod" time="-1.6986254857E9">
    <skipped/>
  </testcase> <!-- @AfterMethod afterMethod -->
  <testcase classname="main.EDRM.hybridFramework.TestBase.TestBase" name="@BeforeMethod beforeMethod" time="-1.698625485734E9">
    <skipped/>
  </testcase> <!-- @BeforeMethod beforeMethod -->
  <testcase classname="main.EDRM.hybridFramework.TestBase.TestBase" name="@AfterMethod afterMethod" time="-1.698625485743E9">
    <skipped/>
  </testcase> <!-- @AfterMethod afterMethod -->
  <testcase classname="tests.TestIntrayTools" name="TestIntrayDocumentLock" time="0.0">
    <skipped/>
  </testcase> <!-- TestIntrayDocumentLock -->
  <testcase classname="tests.TestIntrayTools" name="TestVerifyErrorMessageForLockedDocument" time="0.0">
    <skipped/>
  </testcase> <!-- TestVerifyErrorMessageForLockedDocument -->
  <testcase classname="tests.TestIntrayTools" name="TestIntrayDocumentUnlock" time="0.0">
    <skipped/>
  </testcase> <!-- TestIntrayDocumentUnlock -->
  <testcase classname="tests.TestIntrayTools" name="TestIntrayEditMetada" time="0.0">
    <skipped/>
  </testcase> <!-- TestIntrayEditMetada -->
  <testcase classname="tests.TestIntrayTools" name="TestIntrayAddButtonFunctionality" time="0.0">
    <skipped/>
  </testcase> <!-- TestIntrayAddButtonFunctionality -->
  <testcase classname="tests.TestIntrayTools" name="TestIntrayAssociatedFunctionality" time="0.001">
    <skipped/>
  </testcase> <!-- TestIntrayAssociatedFunctionality -->
  <testcase classname="tests.TestIntrayTools" name="TestMyIntrayEditMetada" time="0.0">
    <skipped/>
  </testcase> <!-- TestMyIntrayEditMetada -->
  <testcase classname="tests.TestIntrayTools" name="TestMyIntrayEditMetadaCancelFunctionality" time="0.0">
    <skipped/>
  </testcase> <!-- TestMyIntrayEditMetadaCancelFunctionality -->
  <testcase classname="tests.TestIntrayTools" name="TestExportDocMetadataFunctionality" time="0.0">
    <skipped/>
  </testcase> <!-- TestExportDocMetadataFunctionality -->
  <testcase classname="tests.TestIntrayTools" name="TestExportedMetadataFunctionality" time="0.0">
    <skipped/>
  </testcase> <!-- TestExportedMetadataFunctionality -->
  <testcase classname="tests.TestIntrayTools" name="TestExportMetadataValidation" time="0.0">
    <skipped/>
  </testcase> <!-- TestExportMetadataValidation -->
  <testcase classname="tests.TestIntrayTools" name="TestExportDocumentPdfOnly" time="0.0">
    <skipped/>
  </testcase> <!-- TestExportDocumentPdfOnly -->
  <testcase classname="tests.TestIntrayTools" name="TestIntrayNextMailAvailablity" time="0.0">
    <skipped/>
  </testcase> <!-- TestIntrayNextMailAvailablity -->
  <testcase classname="tests.TestIntrayTools" name="TestIntrayNextMailBtnAllocationOldestFirst" time="0.0">
    <skipped/>
  </testcase> <!-- TestIntrayNextMailBtnAllocationOldestFirst -->
  <testcase classname="tests.TestIntrayTools" name="TestIntrayNextMailBtnAllocationOldestSecond" time="0.0">
    <skipped/>
  </testcase> <!-- TestIntrayNextMailBtnAllocationOldestSecond -->
  <testcase classname="tests.TestIntrayTools" name="TestDistributionCancelFunctionality" time="0.0">
    <skipped/>
  </testcase> <!-- TestDistributionCancelFunctionality -->
  <testcase classname="tests.TestIntrayTools" name="TestDistributionEscalateSingleUser" time="0.0">
    <skipped/>
  </testcase> <!-- TestDistributionEscalateSingleUser -->
  <testcase classname="tests.TestIntrayTools" name="TestDistributionApplyButtonDisable" time="0.0">
    <skipped/>
  </testcase> <!-- TestDistributionApplyButtonDisable -->
  <testcase classname="tests.TestIntrayTools" name="TestDistributionFunctionality" time="0.0">
    <skipped/>
  </testcase> <!-- TestDistributionFunctionality -->
  <testcase classname="tests.TestIntrayTools" name="TestDistributionMultiReferral" time="0.0">
    <skipped/>
  </testcase> <!-- TestDistributionMultiReferral -->
  <testcase classname="tests.TestIntrayTools" name="TestDistributionMultiReferralForDifferentFileSystem" time="0.0">
    <skipped/>
  </testcase> <!-- TestDistributionMultiReferralForDifferentFileSystem -->
  <testcase classname="tests.TestIntrayTools" name="TestDocumentLandingPageDocumentDelete" time="0.0">
    <skipped/>
  </testcase> <!-- TestDocumentLandingPageDocumentDelete -->
  <testcase classname="tests.TestIntrayTools" name="TestViewIntrayDocument" time="0.0">
    <ignored/>
  </testcase> <!-- TestViewIntrayDocument -->
  <testcase classname="tests.TestIntrayTools" name="TestIntrayIndexPDFAsTiff" time="0.0">
    <ignored/>
  </testcase> <!-- TestIntrayIndexPDFAsTiff -->
  <testcase classname="tests.TestIntrayTools" name="TestExportDocMetadataFunctionalityForRenditionDocument" time="0.0">
    <ignored/>
  </testcase> <!-- TestExportDocMetadataFunctionalityForRenditionDocument -->
  <testcase classname="tests.TestIntrayTools" name="TestDistributionInfoOnlyBasic" time="0.0">
    <ignored/>
  </testcase> <!-- TestDistributionInfoOnlyBasic -->
  <testcase classname="tests.TestIntrayTools" name="TestDistributionBasic" time="0.0">
    <ignored/>
  </testcase> <!-- TestDistributionBasic -->
  <testcase classname="tests.TestIntrayTools" name="TestIntrayDocumentDelete" time="0.0">
    <ignored/>
  </testcase> <!-- TestIntrayDocumentDelete -->
  <testcase classname="tests.TestIntrayTools" name="TestDistributionSecurityRight" time="0.0">
    <ignored/>
  </testcase> <!-- TestDistributionSecurityRight -->
</testsuite> <!-- IntrayTools -->
