<?xml version="1.0" encoding="UTF-8"?>
<!-- Generated by org.testng.reporters.JUnitXMLReporter -->
<testsuite ignored="0" hostname="EDM-VM-CL01" failures="0" tests="14" name="JobRoleSecurity" time="0.057" errors="0" timestamp="2023-10-30T05:54:46 IST">
  <testcase classname="tests.TestAdminJobRole" name="@BeforeClass setupClass" time="-1.698625485994E9">
    <skipped/>
  </testcase> <!-- @BeforeClass setupClass -->
  <testcase classname="main.EDRM.hybridFramework.TestBase.TestBase" name="@BeforeMethod beforeMethod" time="-1.698625485995E9">
    <skipped/>
  </testcase> <!-- @BeforeMethod beforeMethod -->
  <testcase classname="main.EDRM.hybridFramework.TestBase.TestBase" name="@AfterMethod afterMethod" time="-1.698625485996E9">
    <skipped/>
  </testcase> <!-- @AfterMethod afterMethod -->
  <testcase classname="main.EDRM.hybridFramework.TestBase.TestBase" name="@BeforeMethod beforeMethod" time="-1.698625485997E9">
    <skipped/>
  </testcase> <!-- @BeforeMethod beforeMethod -->
  <testcase classname="main.EDRM.hybridFramework.TestBase.TestBase" name="@AfterMethod afterMethod" time="-1.698625485999E9">
    <skipped/>
  </testcase> <!-- @AfterMethod afterMethod -->
  <testcase classname="main.EDRM.hybridFramework.TestBase.TestBase" name="@BeforeMethod beforeMethod" time="-1.698625486001E9">
    <skipped/>
  </testcase> <!-- @BeforeMethod beforeMethod -->
  <testcase classname="main.EDRM.hybridFramework.TestBase.TestBase" name="@AfterMethod afterMethod" time="-1.69862548601E9">
    <skipped/>
  </testcase> <!-- @AfterMethod afterMethod -->
  <testcase classname="main.EDRM.hybridFramework.TestBase.TestBase" name="@BeforeMethod beforeMethod" time="-1.698625486016E9">
    <skipped/>
  </testcase> <!-- @BeforeMethod beforeMethod -->
  <testcase classname="main.EDRM.hybridFramework.TestBase.TestBase" name="@AfterMethod afterMethod" time="-1.698625486017E9">
    <skipped/>
  </testcase> <!-- @AfterMethod afterMethod -->
  <testcase classname="main.EDRM.hybridFramework.TestBase.TestBase" name="@BeforeMethod beforeMethod" time="-1.698625486018E9">
    <skipped/>
  </testcase> <!-- @BeforeMethod beforeMethod -->
  <testcase classname="main.EDRM.hybridFramework.TestBase.TestBase" name="@AfterMethod afterMethod" time="-1.69862548602E9">
    <skipped/>
  </testcase> <!-- @AfterMethod afterMethod -->
  <testcase classname="main.EDRM.hybridFramework.TestBase.TestBase" name="@BeforeMethod beforeMethod" time="-1.698625486022E9">
    <skipped/>
  </testcase> <!-- @BeforeMethod beforeMethod -->
  <testcase classname="main.EDRM.hybridFramework.TestBase.TestBase" name="@AfterMethod afterMethod" time="-1.698625486024E9">
    <skipped/>
  </testcase> <!-- @AfterMethod afterMethod -->
  <testcase classname="main.EDRM.hybridFramework.TestBase.TestBase" name="@BeforeMethod beforeMethod" time="-1.698625486026E9">
    <skipped/>
  </testcase> <!-- @BeforeMethod beforeMethod -->
  <testcase classname="main.EDRM.hybridFramework.TestBase.TestBase" name="@AfterMethod afterMethod" time="-1.698625486028E9">
    <skipped/>
  </testcase> <!-- @AfterMethod afterMethod -->
  <testcase classname="main.EDRM.hybridFramework.TestBase.TestBase" name="@BeforeMethod beforeMethod" time="-1.698625486029E9">
    <skipped/>
  </testcase> <!-- @BeforeMethod beforeMethod -->
  <testcase classname="main.EDRM.hybridFramework.TestBase.TestBase" name="@AfterMethod afterMethod" time="-1.698625486031E9">
    <skipped/>
  </testcase> <!-- @AfterMethod afterMethod -->
  <testcase classname="main.EDRM.hybridFramework.TestBase.TestBase" name="@BeforeMethod beforeMethod" time="-1.698625486032E9">
    <skipped/>
  </testcase> <!-- @BeforeMethod beforeMethod -->
  <testcase classname="main.EDRM.hybridFramework.TestBase.TestBase" name="@AfterMethod afterMethod" time="-1.698625486033E9">
    <skipped/>
  </testcase> <!-- @AfterMethod afterMethod -->
  <testcase classname="main.EDRM.hybridFramework.TestBase.TestBase" name="@BeforeMethod beforeMethod" time="-1.698625486035E9">
    <skipped/>
  </testcase> <!-- @BeforeMethod beforeMethod -->
  <testcase classname="main.EDRM.hybridFramework.TestBase.TestBase" name="@AfterMethod afterMethod" time="-1.698625486036E9">
    <skipped/>
  </testcase> <!-- @AfterMethod afterMethod -->
  <testcase classname="main.EDRM.hybridFramework.TestBase.TestBase" name="@BeforeMethod beforeMethod" time="-1.698625486038E9">
    <skipped/>
  </testcase> <!-- @BeforeMethod beforeMethod -->
  <testcase classname="main.EDRM.hybridFramework.TestBase.TestBase" name="@AfterMethod afterMethod" time="-1.69862548604E9">
    <skipped/>
  </testcase> <!-- @AfterMethod afterMethod -->
  <testcase classname="main.EDRM.hybridFramework.TestBase.TestBase" name="@BeforeMethod beforeMethod" time="-1.698625486041E9">
    <skipped/>
  </testcase> <!-- @BeforeMethod beforeMethod -->
  <testcase classname="main.EDRM.hybridFramework.TestBase.TestBase" name="@AfterMethod afterMethod" time="-1.698625486044E9">
    <skipped/>
  </testcase> <!-- @AfterMethod afterMethod -->
  <testcase classname="tests.TestAdminJobRole" name="AddJobRole" time="0.0">
    <skipped/>
  </testcase> <!-- AddJobRole -->
  <testcase classname="tests.TestAdminJobRole" name="EditJobRole" time="0.0">
    <skipped/>
  </testcase> <!-- EditJobRole -->
  <testcase classname="tests.TestAdminJobRole" name="ConfigureJobRoleForDocType" time="0.0">
    <skipped/>
  </testcase> <!-- ConfigureJobRoleForDocType -->
  <testcase classname="tests.TestAdminJobRole" name="DeleteJobRoleAndVerifyErrorMessage" time="0.0">
    <skipped/>
  </testcase> <!-- DeleteJobRoleAndVerifyErrorMessage -->
  <testcase classname="tests.TestAdminJobRole" name="DeleteJobRole" time="0.0">
    <skipped/>
  </testcase> <!-- DeleteJobRole -->
  <testcase classname="tests.TestAdminJobRole" name="AddJobRoleForSecurityProfile" time="0.0">
    <skipped/>
  </testcase> <!-- AddJobRoleForSecurityProfile -->
  <testcase classname="tests.TestAdminJobRole" name="AddSecurityProfileAndJobRole" time="0.0">
    <skipped/>
  </testcase> <!-- AddSecurityProfileAndJobRole -->
  <testcase classname="tests.TestAdminJobRole" name="AddNewUserAndVerifyBubbledMessage" time="0.0">
    <skipped/>
  </testcase> <!-- AddNewUserAndVerifyBubbledMessage -->
  <testcase classname="tests.TestAdminJobRole" name="AddNewUserAndModifySecurityRightAndVerifyErrorMsg" time="0.0">
    <skipped/>
  </testcase> <!-- AddNewUserAndModifySecurityRightAndVerifyErrorMsg -->
  <testcase classname="tests.TestAdminJobRole" name="VerifyJobRoleAfterOveririding" time="0.0">
    <skipped/>
  </testcase> <!-- VerifyJobRoleAfterOveririding -->
  <testcase classname="tests.TestAdminJobRole" name="DeleteJobRoleAndNotCascadeChangesToUser" time="0.0">
    <skipped/>
  </testcase> <!-- DeleteJobRoleAndNotCascadeChangesToUser -->
  <testcase classname="tests.TestAdminJobRole" name="DeleteJobRoleAndCascadeChangesToUser" time="0.0">
    <skipped/>
  </testcase> <!-- DeleteJobRoleAndCascadeChangesToUser -->
  <testcase classname="tests.TestAdminJobRole" name="VerifyUsersCascadedChanges" time="0.0">
    <skipped/>
  </testcase> <!-- VerifyUsersCascadedChanges -->
  <testcase classname="tests.TestAdminJobRole" name="DeleteJobRoleAssociatedWithSecurityProfileAndUser" time="0.0">
    <skipped/>
  </testcase> <!-- DeleteJobRoleAssociatedWithSecurityProfileAndUser -->
</testsuite> <!-- JobRoleSecurity -->
