<?xml version="1.0" encoding="UTF-8"?>
<!-- Generated by org.testng.reporters.JUnitXMLReporter -->
<testsuite ignored="2" hostname="MUM-LAP-1086" failures="0" tests="1" name="Regression" time="6.628" errors="0" timestamp="2022-04-21T11:15:49 IST">
  <testcase classname="tests.TestLoginPage" name="TestLoginFunctionality" time="6.178"/>
  <testcase classname="tests.TestLoginPage" name="TestExcelReadingByTestCase2" time="0.0">
    <ignored/>
  </testcase> <!-- TestExcelReadingByTestCase2 -->
  <testcase classname="tests.TestLoginPage" name="TestExcelReadingByTestCase1" time="0.0">
    <ignored/>
  </testcase> <!-- TestExcelReadingByTestCase1 -->
</testsuite> <!-- Regression -->
