<?xml version="1.0" encoding="UTF-8"?>
<!-- Generated by org.testng.reporters.JUnitXMLReporter -->
<testsuite ignored="1" hostname="EDM-VM-CL01" failures="0" tests="15" name="SecurityProfile" time="0.427" errors="0" timestamp="2023-10-30T05:54:43 IST">
  <testcase classname="tests.TestSecurityProfile" name="@BeforeClass setupClass" time="-1.698625483134E9">
    <skipped/>
  </testcase> <!-- @BeforeClass setupClass -->
  <testcase classname="main.EDRM.hybridFramework.TestBase.TestBase" name="@BeforeMethod beforeMethod" time="-1.698625483142E9">
    <skipped/>
  </testcase> <!-- @BeforeMethod beforeMethod -->
  <testcase classname="main.EDRM.hybridFramework.TestBase.TestBase" name="@AfterMethod afterMethod" time="-1.698625483157E9">
    <skipped/>
  </testcase> <!-- @AfterMethod afterMethod -->
  <testcase classname="main.EDRM.hybridFramework.TestBase.TestBase" name="@BeforeMethod beforeMethod" time="-1.69862548317E9">
    <skipped/>
  </testcase> <!-- @BeforeMethod beforeMethod -->
  <testcase classname="main.EDRM.hybridFramework.TestBase.TestBase" name="@AfterMethod afterMethod" time="-1.69862548318E9">
    <skipped/>
  </testcase> <!-- @AfterMethod afterMethod -->
  <testcase classname="main.EDRM.hybridFramework.TestBase.TestBase" name="@BeforeMethod beforeMethod" time="-1.698625483185E9">
    <skipped/>
  </testcase> <!-- @BeforeMethod beforeMethod -->
  <testcase classname="main.EDRM.hybridFramework.TestBase.TestBase" name="@AfterMethod afterMethod" time="-1.698625483191E9">
    <skipped/>
  </testcase> <!-- @AfterMethod afterMethod -->
  <testcase classname="main.EDRM.hybridFramework.TestBase.TestBase" name="@BeforeMethod beforeMethod" time="-1.698625483199E9">
    <skipped/>
  </testcase> <!-- @BeforeMethod beforeMethod -->
  <testcase classname="main.EDRM.hybridFramework.TestBase.TestBase" name="@AfterMethod afterMethod" time="-1.698625483223E9">
    <skipped/>
  </testcase> <!-- @AfterMethod afterMethod -->
  <testcase classname="main.EDRM.hybridFramework.TestBase.TestBase" name="@BeforeMethod beforeMethod" time="-1.698625483239E9">
    <skipped/>
  </testcase> <!-- @BeforeMethod beforeMethod -->
  <testcase classname="main.EDRM.hybridFramework.TestBase.TestBase" name="@AfterMethod afterMethod" time="-1.698625483246E9">
    <skipped/>
  </testcase> <!-- @AfterMethod afterMethod -->
  <testcase classname="main.EDRM.hybridFramework.TestBase.TestBase" name="@BeforeMethod beforeMethod" time="-1.698625483248E9">
    <skipped/>
  </testcase> <!-- @BeforeMethod beforeMethod -->
  <testcase classname="main.EDRM.hybridFramework.TestBase.TestBase" name="@AfterMethod afterMethod" time="-1.698625483258E9">
    <skipped/>
  </testcase> <!-- @AfterMethod afterMethod -->
  <testcase classname="main.EDRM.hybridFramework.TestBase.TestBase" name="@BeforeMethod beforeMethod" time="-1.698625483276E9">
    <skipped/>
  </testcase> <!-- @BeforeMethod beforeMethod -->
  <testcase classname="main.EDRM.hybridFramework.TestBase.TestBase" name="@AfterMethod afterMethod" time="-1.698625483303E9">
    <skipped/>
  </testcase> <!-- @AfterMethod afterMethod -->
  <testcase classname="main.EDRM.hybridFramework.TestBase.TestBase" name="@BeforeMethod beforeMethod" time="-1.698625483315E9">
    <skipped/>
  </testcase> <!-- @BeforeMethod beforeMethod -->
  <testcase classname="main.EDRM.hybridFramework.TestBase.TestBase" name="@AfterMethod afterMethod" time="-1.698625483331E9">
    <skipped/>
  </testcase> <!-- @AfterMethod afterMethod -->
  <testcase classname="main.EDRM.hybridFramework.TestBase.TestBase" name="@BeforeMethod beforeMethod" time="-1.69862548335E9">
    <skipped/>
  </testcase> <!-- @BeforeMethod beforeMethod -->
  <testcase classname="main.EDRM.hybridFramework.TestBase.TestBase" name="@AfterMethod afterMethod" time="-1.698625483375E9">
    <skipped/>
  </testcase> <!-- @AfterMethod afterMethod -->
  <testcase classname="main.EDRM.hybridFramework.TestBase.TestBase" name="@BeforeMethod beforeMethod" time="-1.698625483413E9">
    <skipped/>
  </testcase> <!-- @BeforeMethod beforeMethod -->
  <testcase classname="main.EDRM.hybridFramework.TestBase.TestBase" name="@AfterMethod afterMethod" time="-1.698625483441E9">
    <skipped/>
  </testcase> <!-- @AfterMethod afterMethod -->
  <testcase classname="main.EDRM.hybridFramework.TestBase.TestBase" name="@BeforeMethod beforeMethod" time="-1.698625483454E9">
    <skipped/>
  </testcase> <!-- @BeforeMethod beforeMethod -->
  <testcase classname="main.EDRM.hybridFramework.TestBase.TestBase" name="@AfterMethod afterMethod" time="-1.698625483479E9">
    <skipped/>
  </testcase> <!-- @AfterMethod afterMethod -->
  <testcase classname="main.EDRM.hybridFramework.TestBase.TestBase" name="@BeforeMethod beforeMethod" time="-1.698625483486E9">
    <skipped/>
  </testcase> <!-- @BeforeMethod beforeMethod -->
  <testcase classname="main.EDRM.hybridFramework.TestBase.TestBase" name="@AfterMethod afterMethod" time="-1.698625483497E9">
    <skipped/>
  </testcase> <!-- @AfterMethod afterMethod -->
  <testcase classname="main.EDRM.hybridFramework.TestBase.TestBase" name="@BeforeMethod beforeMethod" time="-1.698625483502E9">
    <skipped/>
  </testcase> <!-- @BeforeMethod beforeMethod -->
  <testcase classname="main.EDRM.hybridFramework.TestBase.TestBase" name="@AfterMethod afterMethod" time="-1.698625483506E9">
    <skipped/>
  </testcase> <!-- @AfterMethod afterMethod -->
  <testcase classname="main.EDRM.hybridFramework.TestBase.TestBase" name="@BeforeMethod beforeMethod" time="-1.698625483522E9">
    <skipped/>
  </testcase> <!-- @BeforeMethod beforeMethod -->
  <testcase classname="main.EDRM.hybridFramework.TestBase.TestBase" name="@AfterMethod afterMethod" time="-1.698625483532E9">
    <skipped/>
  </testcase> <!-- @AfterMethod afterMethod -->
  <testcase classname="main.EDRM.hybridFramework.TestBase.TestBase" name="@BeforeMethod beforeMethod" time="-1.698625483534E9">
    <skipped/>
  </testcase> <!-- @BeforeMethod beforeMethod -->
  <testcase classname="main.EDRM.hybridFramework.TestBase.TestBase" name="@AfterMethod afterMethod" time="-1.698625483548E9">
    <skipped/>
  </testcase> <!-- @AfterMethod afterMethod -->
  <testcase classname="tests.TestSecurityProfile" name="AddSecurityProfile" time="0.0">
    <skipped/>
  </testcase> <!-- AddSecurityProfile -->
  <testcase classname="tests.TestSecurityProfile" name="EditSecurityProfile" time="0.0">
    <skipped/>
  </testcase> <!-- EditSecurityProfile -->
  <testcase classname="tests.TestSecurityProfile" name="AddNewUserAndCheckSecurityRight" time="0.0">
    <skipped/>
  </testcase> <!-- AddNewUserAndCheckSecurityRight -->
  <testcase classname="tests.TestSecurityProfile" name="DeleteProfileAndVerifyErrorMessage" time="0.0">
    <skipped/>
  </testcase> <!-- DeleteProfileAndVerifyErrorMessage -->
  <testcase classname="tests.TestSecurityProfile" name="AddAnotherSecurityProfile" time="0.0">
    <skipped/>
  </testcase> <!-- AddAnotherSecurityProfile -->
  <testcase classname="tests.TestSecurityProfile" name="DeleteSecurityProfile" time="0.0">
    <skipped/>
  </testcase> <!-- DeleteSecurityProfile -->
  <testcase classname="tests.TestSecurityProfile" name="AddAnotherNewUserWithSomeSecurityRight" time="0.0">
    <skipped/>
  </testcase> <!-- AddAnotherNewUserWithSomeSecurityRight -->
  <testcase classname="tests.TestSecurityProfile" name="OverrideSecurityProfileRightToEXistingUser" time="0.0">
    <skipped/>
  </testcase> <!-- OverrideSecurityProfileRightToEXistingUser -->
  <testcase classname="tests.TestSecurityProfile" name="VerifySecurityRightAfterOverriding" time="0.0">
    <skipped/>
  </testcase> <!-- VerifySecurityRightAfterOverriding -->
  <testcase classname="tests.TestSecurityProfile" name="AddSecurityRightWithoutOverriding" time="0.0">
    <skipped/>
  </testcase> <!-- AddSecurityRightWithoutOverriding -->
  <testcase classname="tests.TestSecurityProfile" name="VerifySecurityRightWithoutOverriding" time="0.0">
    <skipped/>
  </testcase> <!-- VerifySecurityRightWithoutOverriding -->
  <testcase classname="tests.TestSecurityProfile" name="EditSecurityRightInProfile" time="0.0">
    <skipped/>
  </testcase> <!-- EditSecurityRightInProfile -->
  <testcase classname="tests.TestSecurityProfile" name="VerifySecurityRightsInUsers" time="0.0">
    <skipped/>
  </testcase> <!-- VerifySecurityRightsInUsers -->
  <testcase classname="tests.TestSecurityProfile" name="EditSecurityRightOnceAgainInProfile" time="0.0">
    <skipped/>
  </testcase> <!-- EditSecurityRightOnceAgainInProfile -->
  <testcase classname="tests.TestSecurityProfile" name="VerifySecurityRightsOnceAgainInUsers" time="0.0">
    <skipped/>
  </testcase> <!-- VerifySecurityRightsOnceAgainInUsers -->
  <testcase classname="tests.TestSecurityProfile" name="VerifyUser" time="0.0">
    <ignored/>
  </testcase> <!-- VerifyUser -->
</testsuite> <!-- SecurityProfile -->
