<?xml version="1.0" encoding="UTF-8"?>
<!-- Generated by org.testng.reporters.JUnitXMLReporter -->
<testsuite ignored="9" hostname="EDM-VM-CL01" failures="0" tests="5" name="SmokeCases" time="0.114" errors="0" timestamp="2023-10-30T05:54:42 IST">
  <testcase classname="tests.TestSmokeCases" name="@BeforeClass setupClass" time="-1.698625482519E9">
    <skipped/>
  </testcase> <!-- @BeforeClass setupClass -->
  <testcase classname="main.EDRM.hybridFramework.TestBase.TestBase" name="@BeforeMethod beforeMethod" time="-1.698625482578E9">
    <skipped/>
  </testcase> <!-- @BeforeMethod beforeMethod -->
  <testcase classname="main.EDRM.hybridFramework.TestBase.TestBase" name="@AfterMethod afterMethod" time="-1.698625482594E9">
    <skipped/>
  </testcase> <!-- @AfterMethod afterMethod -->
  <testcase classname="tests.TestSmokeCases" name="TestAddProtectiveMarker" time="0.0">
    <skipped/>
  </testcase> <!-- TestAddProtectiveMarker -->
  <testcase classname="tests.TestSmokeCases" name="TestCreateRole" time="0.0">
    <skipped/>
  </testcase> <!-- TestCreateRole -->
  <testcase classname="tests.TestSmokeCases" name="TestCreateTeam" time="0.0">
    <skipped/>
  </testcase> <!-- TestCreateTeam -->
  <testcase classname="tests.TestSmokeCases" name="TestCreateAnotherTeam" time="0.0">
    <skipped/>
  </testcase> <!-- TestCreateAnotherTeam -->
  <testcase classname="tests.TestSmokeCases" name="TestAddUserToTeam" time="0.0">
    <skipped/>
  </testcase> <!-- TestAddUserToTeam -->
  <testcase classname="tests.TestSmokeCases" name="TestAddFileSystemToCache" time="0.0">
    <ignored/>
  </testcase> <!-- TestAddFileSystemToCache -->
  <testcase classname="tests.TestSmokeCases" name="TestCaptureFormFilling" time="0.0">
    <ignored/>
  </testcase> <!-- TestCaptureFormFilling -->
  <testcase classname="tests.TestSmokeCases" name="TestAddUser" time="0.0">
    <ignored/>
  </testcase> <!-- TestAddUser -->
  <testcase classname="tests.TestSmokeCases" name="TestAddTags" time="0.0">
    <ignored/>
  </testcase> <!-- TestAddTags -->
  <testcase classname="tests.TestSmokeCases" name="TestCopyDocument" time="0.0">
    <ignored/>
  </testcase> <!-- TestCopyDocument -->
  <testcase classname="tests.TestSmokeCases" name="TestReindexDocument" time="0.0">
    <ignored/>
  </testcase> <!-- TestReindexDocument -->
  <testcase classname="tests.TestSmokeCases" name="TestAddFileSystem" time="0.0">
    <ignored/>
  </testcase> <!-- TestAddFileSystem -->
  <testcase classname="tests.TestSmokeCases" name="TestReReferenceFlow" time="0.0">
    <ignored/>
  </testcase> <!-- TestReReferenceFlow -->
  <testcase classname="tests.TestSmokeCases" name="TestAddFolderReference" time="0.0">
    <ignored/>
  </testcase> <!-- TestAddFolderReference -->
</testsuite> <!-- SmokeCases -->
