<?xml version="1.0" encoding="UTF-8"?>
<!-- Generated by org.testng.reporters.JUnitXMLReporter -->
<testsuite ignored="0" hostname="EDM-VM-CL01" failures="0" tests="4" name="WebIntegration" time="0.096" errors="0" timestamp="2023-10-30T05:54:42 IST">
  <testcase classname="tests.TestAdminWebIntegration" name="@BeforeClass setupClass" time="-1.698625482891E9">
    <skipped/>
  </testcase> <!-- @BeforeClass setupClass -->
  <testcase classname="main.EDRM.hybridFramework.TestBase.TestBase" name="@BeforeMethod beforeMethod" time="-1.698625482893E9">
    <skipped/>
  </testcase> <!-- @BeforeMethod beforeMethod -->
  <testcase classname="main.EDRM.hybridFramework.TestBase.TestBase" name="@AfterMethod afterMethod" time="-1.698625482899E9">
    <skipped/>
  </testcase> <!-- @AfterMethod afterMethod -->
  <testcase classname="main.EDRM.hybridFramework.TestBase.TestBase" name="@BeforeMethod beforeMethod" time="-1.698625482903E9">
    <skipped/>
  </testcase> <!-- @BeforeMethod beforeMethod -->
  <testcase classname="main.EDRM.hybridFramework.TestBase.TestBase" name="@AfterMethod afterMethod" time="-1.698625482929E9">
    <skipped/>
  </testcase> <!-- @AfterMethod afterMethod -->
  <testcase classname="main.EDRM.hybridFramework.TestBase.TestBase" name="@BeforeMethod beforeMethod" time="-1.698625482936E9">
    <skipped/>
  </testcase> <!-- @BeforeMethod beforeMethod -->
  <testcase classname="main.EDRM.hybridFramework.TestBase.TestBase" name="@AfterMethod afterMethod" time="-1.698625482941E9">
    <skipped/>
  </testcase> <!-- @AfterMethod afterMethod -->
  <testcase classname="main.EDRM.hybridFramework.TestBase.TestBase" name="@BeforeMethod beforeMethod" time="-1.698625482945E9">
    <skipped/>
  </testcase> <!-- @BeforeMethod beforeMethod -->
  <testcase classname="main.EDRM.hybridFramework.TestBase.TestBase" name="@AfterMethod afterMethod" time="-1.698625482955E9">
    <skipped/>
  </testcase> <!-- @AfterMethod afterMethod -->
  <testcase classname="tests.TestAdminWebIntegration" name="AddWebIntegration" time="0.0">
    <skipped/>
  </testcase> <!-- AddWebIntegration -->
  <testcase classname="tests.TestAdminWebIntegration" name="EditWebIntegration" time="0.0">
    <skipped/>
  </testcase> <!-- EditWebIntegration -->
  <testcase classname="tests.TestAdminWebIntegration" name="AccessLinkFromDocument" time="0.0">
    <skipped/>
  </testcase> <!-- AccessLinkFromDocument -->
  <testcase classname="tests.TestAdminWebIntegration" name="DeleteWebIntegration" time="0.0">
    <skipped/>
  </testcase> <!-- DeleteWebIntegration -->
</testsuite> <!-- WebIntegration -->
